#
# A fatal error has been detected by the Java Runtime Environment:
#
#  EXCEPTION_ACCESS_VIOLATION (0xc0000005) at pc=0x00007ff834626280, pid=10064, tid=11116
#
# JRE version: OpenJDK Runtime Environment Temurin-17.0.3+7 (17.0.3+7) (build 17.0.3+7)
# Java VM: OpenJDK 64-Bit Server VM Temurin-17.0.3+7 (17.0.3+7, mixed mode, sharing, tiered, compressed oops, compressed class ptrs, g1 gc, windows-amd64)
# Problematic frame:
# C  [atio6axx.dll+0x196280]
#
# No core dump will be written. Minidumps are not enabled by default on client versions of Windows
#
# If you would like to submit a bug report, please visit:
#   https://github.com/adoptium/adoptium-support/issues
# The crash happened outside the Java Virtual Machine in native code.
# See problematic frame for where to report the bug.
#

---------------  S U M M A R Y ------------

Command Line: -Dforge.enableGameTest=true -Dforge.logging.console.level=debug -Dforge.logging.markers=REGISTRIES -DignoreList=bootstraplauncher,securejarhandler,asm-commons,asm-util,asm-analysis,asm-tree,asm,JarJarFileSystems,client-extra,fmlcore,javafmllanguage,lowcodelanguage,mclanguage,forge- -Djava.net.preferIPv6Addresses=system -DlegacyClassPath.file=C:\Users\Henrik\MCreatorWorkspaces\wargle\build\classpath\runClient_minecraftClasspath.txt -DmergeModules=jna-5.10.0.jar,jna-platform-5.10.0.jar -Dos.version=10.0 --module-path=C:\Users\Henrik\.mcreator\gradle\caches\modules-2\files-2.1\cpw.mods\bootstraplauncher\1.1.2\c546e00443d8432cda6baa1c860346980742628\bootstraplauncher-1.1.2.jar;C:\Users\Henrik\.mcreator\gradle\caches\modules-2\files-2.1\cpw.mods\securejarhandler\2.1.4\f47e3b9dd860a7b82154b8f90a650ffd0aaa5582\securejarhandler-2.1.4.jar;C:\Users\Henrik\.mcreator\gradle\caches\modules-2\files-2.1\org.ow2.asm\asm-commons\9.3\1f2a432d1212f5c352ae607d7b61dcae20c20af5\asm-commons-9.3.jar;C:\Users\Henrik\.mcreator\gradle\caches\modules-2\files-2.1\org.ow2.asm\asm-util\9.3\9595bc05510d0bd4b610188b77333fe4851a1975\asm-util-9.3.jar;C:\Users\Henrik\.mcreator\gradle\caches\modules-2\files-2.1\org.ow2.asm\asm-analysis\9.3\4b071f211b37c38e0e9f5998550197c8593f6ad8\asm-analysis-9.3.jar;C:\Users\Henrik\.mcreator\gradle\caches\modules-2\files-2.1\org.ow2.asm\asm-tree\9.3\78d2ecd61318b5a58cd04fb237636c0e86b77d97\asm-tree-9.3.jar;C:\Users\Henrik\.mcreator\gradle\caches\modules-2\files-2.1\org.ow2.asm\asm\9.3\8e6300ef51c1d801a7ed62d07cd221aca3a90640\asm-9.3.jar;C:\Users\Henrik\.mcreator\gradle\caches\modules-2\files-2.1\net.minecraftforge\JarJarFileSystems\0.3.16\e52afbb2599dc7c6f779efea0496d32fc01152e3\JarJarFileSystems-0.3.16.jar --add-modules=ALL-MODULE-PATH --add-opens=java.base/java.util.jar=cpw.mods.securejarhandler --add-opens=java.base/java.lang.invoke=cpw.mods.securejarhandler --add-exports=java.base/sun.security.util=cpw.mods.securejarhandler --add-exports=jdk.naming.dns/com.sun.jndi.dns=java.naming -XX:HeapDumpPath=MojangTricksIntelDriversForPerformance_javaw.exe_minecraft.exe.heapdump -Dos.name=Windows 10 -Dfile.encoding=UTF-8 -Duser.country=US -Duser.language=en -Duser.variant cpw.mods.bootstraplauncher.BootstrapLauncher --launchTarget forgeclientuserdev --version MOD_DEV --assetIndex 1.19 --assetsDir C:\Users\Henrik\.mcreator\gradle\caches\forge_gradle\assets --gameDir . --fml.forgeVersion 43.1.7 --fml.mcVersion 1.19.2 --fml.forgeGroup net.minecraftforge --fml.mcpVersion 20220805.130853

Host: AMD Ryzen 5 3600 6-Core Processor              , 12 cores, 31G,  Windows 10 , 64 bit Build 19041 (10.0.19041.2364)
Time: Thu Feb  2 01:17:24 2023 Eastern Standard Time elapsed time: 8.230989 seconds (0d 0h 0m 8s)

---------------  T H R E A D  ---------------

Current thread (0x000001bca25a64e0):  JavaThread "Render thread" [_thread_in_native, id=11116, stack(0x0000000dab700000,0x0000000dab800000)]

Stack: [0x0000000dab700000,0x0000000dab800000],  sp=0x0000000dab7fa678,  free space=1001k
Native frames: (J=compiled Java code, j=interpreted, Vv=VM code, C=native code)
C  [atio6axx.dll+0x196280]

Java frames: (J=compiled Java code, j=interpreted, Vv=VM code)
j  org.lwjgl.system.JNI.invokePPPP(IIJJJJ)J+0 org.lwjgl@3.3.1+7
j  org.lwjgl.glfw.GLFW.nglfwCreateWindow(IIJJJ)J+14 org.lwjgl.glfw@3.3.1+7
j  org.lwjgl.glfw.GLFW.glfwCreateWindow(IILjava/lang/CharSequence;JJ)J+34 org.lwjgl.glfw@3.3.1+7
j  net.minecraftforge.client.loading.NoVizFallback.lambda$fallback$0(Ljava/util/function/IntSupplier;Ljava/util/function/IntSupplier;Ljava/util/function/Supplier;Ljava/util/function/LongSupplier;)J+28 forge@43.1.7
j  net.minecraftforge.client.loading.NoVizFallback$$Lambda$4397+0x0000000801646068.getAsLong()J+16 forge@43.1.7
j  net.minecraftforge.fml.loading.progress.EarlyProgressVisualization$Visualization$$Lambda$4398+0x00000008016430d8.apply(Ljava/lang/Object;)Ljava/lang/Object;+4 fmlloader@1.19.2-43.1.7
J 2575 c2 java.util.Optional.map(Ljava/util/function/Function;)Ljava/util/Optional; java.base@17.0.3 (30 bytes) @ 0x000001bcb1ce4efc [0x000001bcb1ce4ea0+0x000000000000005c]
j  net.minecraftforge.fml.loading.progress.EarlyProgressVisualization$Visualization.handOffWindow(Ljava/util/function/IntSupplier;Ljava/util/function/IntSupplier;Ljava/util/function/Supplier;Ljava/util/function/LongSupplier;)J+48 fmlloader@1.19.2-43.1.7
j  net.minecraftforge.fml.loading.progress.EarlyProgressVisualization.handOffWindow(Ljava/util/function/IntSupplier;Ljava/util/function/IntSupplier;Ljava/util/function/Supplier;Ljava/util/function/LongSupplier;)J+9 fmlloader@1.19.2-43.1.7
j  com.mojang.blaze3d.platform.Window.<init>(Lcom/mojang/blaze3d/platform/WindowEventHandler;Lcom/mojang/blaze3d/platform/ScreenManager;Lcom/mojang/blaze3d/platform/DisplayData;Ljava/lang/String;Ljava/lang/String;)V+279 minecraft@1.19.2
j  net.minecraft.client.renderer.VirtualScreen.newWindow(Lcom/mojang/blaze3d/platform/DisplayData;Ljava/lang/String;Ljava/lang/String;)Lcom/mojang/blaze3d/platform/Window;+15 minecraft@1.19.2
j  net.minecraft.client.Minecraft.<init>(Lnet/minecraft/client/main/GameConfig;)V+723 minecraft@1.19.2
j  net.minecraft.client.main.Main.run([Ljava/lang/String;Z)V+1356 minecraft@1.19.2
j  net.minecraft.client.main.Main.main([Ljava/lang/String;)V+12 minecraft@1.19.2
v  ~StubRoutines::call_stub
j  jdk.internal.reflect.NativeMethodAccessorImpl.invoke0(Ljava/lang/reflect/Method;Ljava/lang/Object;[Ljava/lang/Object;)Ljava/lang/Object;+0 java.base@17.0.3
j  jdk.internal.reflect.NativeMethodAccessorImpl.invoke(Ljava/lang/Object;[Ljava/lang/Object;)Ljava/lang/Object;+133 java.base@17.0.3
j  jdk.internal.reflect.DelegatingMethodAccessorImpl.invoke(Ljava/lang/Object;[Ljava/lang/Object;)Ljava/lang/Object;+6 java.base@17.0.3
j  java.lang.reflect.Method.invoke(Ljava/lang/Object;[Ljava/lang/Object;)Ljava/lang/Object;+59 java.base@17.0.3
j  net.minecraftforge.fml.loading.targets.ForgeClientUserdevLaunchHandler.lambda$launchService$0([Ljava/lang/String;Ljava/lang/ModuleLayer;)V+47 fmlloader@1.19.2-43.1.7
j  net.minecraftforge.fml.loading.targets.ForgeClientUserdevLaunchHandler$$Lambda$861+0x0000000800fc36c8.run()V+12 fmlloader@1.19.2-43.1.7
j  cpw.mods.modlauncher.LaunchServiceHandlerDecorator.launch([Ljava/lang/String;Ljava/lang/ModuleLayer;)V+11 cpw.mods.modlauncher@10.0.8
j  cpw.mods.modlauncher.LaunchServiceHandler.launch(Ljava/lang/String;[Ljava/lang/String;Ljava/lang/ModuleLayer;Lcpw/mods/modlauncher/TransformingClassLoader;Lcpw/mods/modlauncher/LaunchPluginHandler;)V+58 cpw.mods.modlauncher@10.0.8
j  cpw.mods.modlauncher.LaunchServiceHandler.launch(Lcpw/mods/modlauncher/ArgumentHandler;Ljava/lang/ModuleLayer;Lcpw/mods/modlauncher/TransformingClassLoader;Lcpw/mods/modlauncher/LaunchPluginHandler;)V+21 cpw.mods.modlauncher@10.0.8
j  cpw.mods.modlauncher.Launcher.run([Ljava/lang/String;)V+310 cpw.mods.modlauncher@10.0.8
j  cpw.mods.modlauncher.Launcher.main([Ljava/lang/String;)V+78 cpw.mods.modlauncher@10.0.8
j  cpw.mods.modlauncher.BootstrapLaunchConsumer.accept([Ljava/lang/String;)V+1 cpw.mods.modlauncher@10.0.8
j  cpw.mods.modlauncher.BootstrapLaunchConsumer.accept(Ljava/lang/Object;)V+5 cpw.mods.modlauncher@10.0.8
j  cpw.mods.bootstraplauncher.BootstrapLauncher.main([Ljava/lang/String;)V+515 cpw.mods.bootstraplauncher@1.1.2
v  ~StubRoutines::call_stub

siginfo: EXCEPTION_ACCESS_VIOLATION (0xc0000005), reading address 0xffffffffffffffff


Register to memory mapping:

RIP=0x00007ff834626280 atio6axx.dll
RAX=0x0 is NULL
RBX=0x00007ff837eb5a80 atio6axx.dll
RCX=0x485c73726573555c is an unknown value
RDX=0x00000000000000d1 is an unknown value
RSP=0x0000000dab7fa678 is pointing into the stack for thread: 0x000001bca25a64e0
RBP=0x0000000dab7fa7e0 is pointing into the stack for thread: 0x000001bca25a64e0
RSI=0x0000000dab7fa738 is pointing into the stack for thread: 0x000001bca25a64e0
RDI=0x0000000dab7faad0 is pointing into the stack for thread: 0x000001bca25a64e0
R8 =0x00000000000001a5 is an unknown value
R9 =0x485c73726573555c is an unknown value
R10=0x0 is NULL
R11=0x0000000000000200 is an unknown value
R12=0x00007ff837eb5a80 atio6axx.dll
R13=0x00007ff837eb5ad8 atio6axx.dll
R14=0x00007ff837dc4f88 atio6axx.dll
R15=0x0 is NULL


Registers:
RAX=0x0000000000000000, RBX=0x00007ff837eb5a80, RCX=0x485c73726573555c, RDX=0x00000000000000d1
RSP=0x0000000dab7fa678, RBP=0x0000000dab7fa7e0, RSI=0x0000000dab7fa738, RDI=0x0000000dab7faad0
R8 =0x00000000000001a5, R9 =0x485c73726573555c, R10=0x0000000000000000, R11=0x0000000000000200
R12=0x00007ff837eb5a80, R13=0x00007ff837eb5ad8, R14=0x00007ff837dc4f88, R15=0x0000000000000000
RIP=0x00007ff834626280, EFLAGS=0x0000000000010202

Top of Stack: (sp=0x0000000dab7fa678)
0x0000000dab7fa678:   00007ff83462659c 00007ff837eb86f0
0x0000000dab7fa688:   000001bcd91eb028 0000000000000000
0x0000000dab7fa698:   00007ff8346275ad 0000000dab7faad0
0x0000000dab7fa6a8:   00007ff8345e1af4 00007ff837eb5a80
0x0000000dab7fa6b8:   0000000dab7fa738 0000652e6176616a
0x0000000dab7fa6c8:   000013a5e7fca441 0000000dab7faad0
0x0000000dab7fa6d8:   00007ff8345e2ab5 00007ff837eb5a88
0x0000000dab7fa6e8:   0000000dab7fa738 0000000dab7fa738
0x0000000dab7fa6f8:   000001bcd33852ac 0000000000000000
0x0000000dab7fa708:   00007ff800000009 000001bcd338545c
0x0000000dab7fa718:   000001bcd33855b8 00007ff837eb5a88
0x0000000dab7fa728:   0000000dab7faad0 0000000dab7fa887
0x0000000dab7fa738:   00007f006176616a 800000006176616a
0x0000000dab7fa748:   00007ff89a02cd94 46676e697274535c
0x0000000dab7fa758:   5c6f666e49656c69 3062343039303430
0x0000000dab7fa768:   726556656c69465c 000000006e6f6973 

Instructions: (pc=0x00007ff834626280)
0x00007ff834626180:   74 09 33 c9 ff 15 c6 72 6b 03 90 48 8b c3 48 83
0x00007ff834626190:   c4 20 5b c3 cc cc cc cc cc cc cc cc cc cc cc cc
0x00007ff8346261a0:   48 83 ec 28 48 8b 51 08 48 85 d2 74 09 33 c9 ff
0x00007ff8346261b0:   15 9b 72 6b 03 90 48 83 c4 28 c3 cc cc cc cc cc
0x00007ff8346261c0:   48 89 11 c3 cc cc cc cc cc cc cc cc cc cc cc cc
0x00007ff8346261d0:   48 8b c1 c3 cc cc cc cc cc cc cc cc cc cc cc cc
0x00007ff8346261e0:   48 3b ca 74 10 41 8b 00 39 01 74 09 48 83 c1 04
0x00007ff8346261f0:   48 3b ca 75 f3 48 8b c1 c3 cc cc cc cc cc cc cc
0x00007ff834626200:   48 8b c1 c3 cc cc cc cc cc cc cc cc cc cc cc cc
0x00007ff834626210:   48 83 39 00 0f 94 c0 c3 cc cc cc cc cc cc cc cc
0x00007ff834626220:   4c 8d 04 d5 00 00 00 00 33 d2 e9 f1 6e e0 01 cc
0x00007ff834626230:   4c 8b 41 08 48 8b 02 49 89 00 48 83 41 08 08 c3
0x00007ff834626240:   48 8b c1 c3 cc cc cc cc cc cc cc cc cc cc cc cc
0x00007ff834626250:   48 8b c1 c3 cc cc cc cc cc cc cc cc cc cc cc cc
0x00007ff834626260:   49 8b 00 48 89 02 c3 cc cc cc cc cc cc cc cc cc
0x00007ff834626270:   8b 81 48 39 00 00 c3 cc cc cc cc cc cc cc cc cc
0x00007ff834626280:   8b 81 48 39 00 00 83 c0 f0 83 f8 68 0f 87 5a 01
0x00007ff834626290:   00 00 48 8d 15 67 9d e6 ff 0f b6 84 02 10 64 19
0x00007ff8346262a0:   00 8b 8c 82 f0 63 19 00 48 03 ca ff e1 48 8b 0d
0x00007ff8346262b0:   ec 5d 83 03 83 b9 04 37 00 00 02 0f 87 2b 01 00
0x00007ff8346262c0:   00 48 8d 91 30 2b 00 00 c7 02 e1 00 00 00 e9 ce
0x00007ff8346262d0:   00 00 00 48 8b 0d c6 5d 83 03 83 b9 04 37 00 00
0x00007ff8346262e0:   02 0f 87 05 01 00 00 48 8d 91 30 2b 00 00 c7 02
0x00007ff8346262f0:   f0 00 00 00 e9 a8 00 00 00 48 8b 0d a0 5d 83 03
0x00007ff834626300:   83 b9 04 37 00 00 02 0f 87 df 00 00 00 48 8d 91
0x00007ff834626310:   30 2b 00 00 c7 02 00 04 00 00 e9 82 00 00 00 48
0x00007ff834626320:   8b 0d 7a 5d 83 03 83 b9 04 37 00 00 02 0f 87 b9
0x00007ff834626330:   00 00 00 48 8d 91 30 2b 00 00 c7 02 00 08 00 00
0x00007ff834626340:   eb 5f 48 8b 0d 57 5d 83 03 83 b9 04 37 00 00 02
0x00007ff834626350:   0f 87 96 00 00 00 48 8d 91 30 2b 00 00 c7 02 00
0x00007ff834626360:   09 00 00 eb 3c 48 8b 0d 34 5d 83 03 83 b9 04 37
0x00007ff834626370:   00 00 02 77 77 48 8d 91 30 2b 00 00 c7 02 3c 0f 


Stack slot to memory mapping:
stack at sp + 0 slots: 0x00007ff83462659c atio6axx.dll
stack at sp + 1 slots: 0x00007ff837eb86f0 atio6axx.dll
stack at sp + 2 slots: 0x000001bcd91eb028 points into unknown readable memory: 0x00007ff8376bd2f0 | f0 d2 6b 37 f8 7f 00 00
stack at sp + 3 slots: 0x0 is NULL
stack at sp + 4 slots: 0x00007ff8346275ad atio6axx.dll
stack at sp + 5 slots: 0x0000000dab7faad0 is pointing into the stack for thread: 0x000001bca25a64e0
stack at sp + 6 slots: 0x00007ff8345e1af4 atio6axx.dll
stack at sp + 7 slots: 0x00007ff837eb5a80 atio6axx.dll


---------------  P R O C E S S  ---------------

Threads class SMR info:
_java_thread_list=0x000001bcd738a4b0, length=17, elements={
0x000001bca25a64e0, 0x000001bccc70fc30, 0x000001bccc7106f0, 0x000001bccc722a00,
0x000001bccc7232c0, 0x000001bccc725b90, 0x000001bccc7480f0, 0x000001bccc751310,
0x000001bccc75c050, 0x000001bccc75c980, 0x000001bccf397df0, 0x000001bccf3f65f0,
0x000001bccf399130, 0x000001bccf398790, 0x000001bccf399fa0, 0x000001bccf3965e0,
0x000001bcd552e120
}

Java Threads: ( => current thread )
=>0x000001bca25a64e0 JavaThread "Render thread" [_thread_in_native, id=11116, stack(0x0000000dab700000,0x0000000dab800000)]
  0x000001bccc70fc30 JavaThread "Reference Handler" daemon [_thread_blocked, id=11324, stack(0x0000000dabe00000,0x0000000dabf00000)]
  0x000001bccc7106f0 JavaThread "Finalizer" daemon [_thread_blocked, id=264, stack(0x0000000dabf00000,0x0000000dac000000)]
  0x000001bccc722a00 JavaThread "Signal Dispatcher" daemon [_thread_blocked, id=19436, stack(0x0000000dac000000,0x0000000dac100000)]
  0x000001bccc7232c0 JavaThread "Attach Listener" daemon [_thread_blocked, id=20388, stack(0x0000000dac100000,0x0000000dac200000)]
  0x000001bccc725b90 JavaThread "Service Thread" daemon [_thread_blocked, id=19940, stack(0x0000000dac200000,0x0000000dac300000)]
  0x000001bccc7480f0 JavaThread "Monitor Deflation Thread" daemon [_thread_blocked, id=23884, stack(0x0000000dac300000,0x0000000dac400000)]
  0x000001bccc751310 JavaThread "C2 CompilerThread0" daemon [_thread_blocked, id=8104, stack(0x0000000dac400000,0x0000000dac500000)]
  0x000001bccc75c050 JavaThread "C1 CompilerThread0" daemon [_thread_blocked, id=19132, stack(0x0000000dac500000,0x0000000dac600000)]
  0x000001bccc75c980 JavaThread "Sweeper thread" daemon [_thread_blocked, id=2528, stack(0x0000000dac600000,0x0000000dac700000)]
  0x000001bccf397df0 JavaThread "Common-Cleaner" daemon [_thread_blocked, id=15864, stack(0x0000000dac700000,0x0000000dac800000)]
  0x000001bccf3f65f0 JavaThread "C2 CompilerThread1" daemon [_thread_blocked, id=16404, stack(0x0000000dac800000,0x0000000dac900000)]
  0x000001bccf399130 JavaThread "Notification Thread" daemon [_thread_blocked, id=22264, stack(0x0000000dac900000,0x0000000daca00000)]
  0x000001bccf398790 JavaThread "Thread-0" daemon [_thread_blocked, id=21768, stack(0x0000000dad500000,0x0000000dad600000)]
  0x000001bccf399fa0 JavaThread "FileSystemWatchService" daemon [_thread_in_native, id=25120, stack(0x0000000dad600000,0x0000000dad700000)]
  0x000001bccf3965e0 JavaThread "pool-2-thread-1" daemon [_thread_blocked, id=10676, stack(0x0000000dada00000,0x0000000dadb00000)]
  0x000001bcd552e120 JavaThread "Timer hack thread" daemon [_thread_blocked, id=11596, stack(0x0000000dade00000,0x0000000dadf00000)]

Other Threads:
  0x000001bccc70b280 VMThread "VM Thread" [stack: 0x0000000dabd00000,0x0000000dabe00000] [id=15376]
  0x000001bccc582520 WatcherThread [stack: 0x0000000daca00000,0x0000000dacb00000] [id=6032]
  0x000001bca2658b80 GCTaskThread "GC Thread#0" [stack: 0x0000000dab800000,0x0000000dab900000] [id=3308]
  0x000001bcd04edcb0 GCTaskThread "GC Thread#1" [stack: 0x0000000dacb00000,0x0000000dacc00000] [id=7888]
  0x000001bcd0510440 GCTaskThread "GC Thread#2" [stack: 0x0000000dacc00000,0x0000000dacd00000] [id=23408]
  0x000001bcd05619d0 GCTaskThread "GC Thread#3" [stack: 0x0000000dacd00000,0x0000000dace00000] [id=7912]
  0x000001bcd05106f0 GCTaskThread "GC Thread#4" [stack: 0x0000000dace00000,0x0000000dacf00000] [id=23820]
  0x000001bcd04f9090 GCTaskThread "GC Thread#5" [stack: 0x0000000dacf00000,0x0000000dad000000] [id=21876]
  0x000001bcd04f9340 GCTaskThread "GC Thread#6" [stack: 0x0000000dad000000,0x0000000dad100000] [id=6952]
  0x000001bcd04f95f0 GCTaskThread "GC Thread#7" [stack: 0x0000000dad100000,0x0000000dad200000] [id=20604]
  0x000001bcd04f98a0 GCTaskThread "GC Thread#8" [stack: 0x0000000dad200000,0x0000000dad300000] [id=23968]
  0x000001bcd04f9f60 GCTaskThread "GC Thread#9" [stack: 0x0000000dad300000,0x0000000dad400000] [id=19136]
  0x000001bccc570280 ConcurrentGCThread "G1 Main Marker" [stack: 0x0000000dab900000,0x0000000daba00000] [id=24492]
  0x000001bccc570a40 ConcurrentGCThread "G1 Conc#0" [stack: 0x0000000daba00000,0x0000000dabb00000] [id=640]
  0x000001bcd1ae3f00 ConcurrentGCThread "G1 Conc#1" [stack: 0x0000000dad800000,0x0000000dad900000] [id=23240]
  0x000001bcd1ae4f20 ConcurrentGCThread "G1 Conc#2" [stack: 0x0000000dad900000,0x0000000dada00000] [id=3844]
  0x000001bccc648120 ConcurrentGCThread "G1 Refine#0" [stack: 0x0000000dabb00000,0x0000000dabc00000] [id=15044]
  0x000001bcd198df30 ConcurrentGCThread "G1 Refine#1" [stack: 0x0000000dad700000,0x0000000dad800000] [id=14032]
  0x000001bccc6488f0 ConcurrentGCThread "G1 Service" [stack: 0x0000000dabc00000,0x0000000dabd00000] [id=24604]

Threads with active compile tasks:

VM state: not at safepoint (normal execution)

VM Mutex/Monitor currently owned by a thread: None

Heap address: 0x0000000600c00000, size: 8180 MB, Compressed Oops mode: Zero based, Oop shift amount: 3

CDS archive(s) mapped at: [0x0000000800000000-0x0000000800bc0000-0x0000000800bc0000), size 12320768, SharedBaseAddress: 0x0000000800000000, ArchiveRelocationMode: 0.
Compressed class space mapped at: 0x0000000800c00000-0x0000000840c00000, reserved size: 1073741824
Narrow klass base: 0x0000000800000000, Narrow klass shift: 0, Narrow klass range: 0x100000000

GC Precious Log:
 CPUs: 12 total, 12 available
 Memory: 32718M
 Large Page Support: Disabled
 NUMA Support: Disabled
 Compressed Oops: Enabled (Zero based)
 Heap Region Size: 4M
 Heap Min Capacity: 8M
 Heap Initial Capacity: 512M
 Heap Max Capacity: 8180M
 Pre-touch: Disabled
 Parallel Workers: 10
 Concurrent Workers: 3
 Concurrent Refinement Workers: 10
 Periodic GC: Disabled

Heap:
 garbage-first heap   total 700416K, used 359766K [0x0000000600c00000, 0x0000000800000000)
  region size 4096K, 56 young (229376K), 3 survivors (12288K)
 Metaspace       used 65783K, committed 66944K, reserved 1105920K
  class space    used 9971K, committed 10496K, reserved 1048576K

Heap Regions: E=young(eden), S=young(survivor), O=old, HS=humongous(starts), HC=humongous(continues), CS=collection set, F=free, OA=open archive, CA=closed archive, TAMS=top-at-mark-start (previous, next)
|   0|0x0000000600c00000, 0x0000000601000000, 0x0000000601000000|100%| O|  |TAMS 0x0000000601000000, 0x0000000600c00000| Untracked 
|   1|0x0000000601000000, 0x0000000601400000, 0x0000000601400000|100%| O|  |TAMS 0x0000000601400000, 0x0000000601000000| Untracked 
|   2|0x0000000601400000, 0x0000000601800000, 0x0000000601800000|100%| O|  |TAMS 0x0000000601800000, 0x0000000601400000| Untracked 
|   3|0x0000000601800000, 0x0000000601c00000, 0x0000000601c00000|100%| O|  |TAMS 0x0000000601c00000, 0x0000000601800000| Untracked 
|   4|0x0000000601c00000, 0x0000000602000000, 0x0000000602000000|100%| O|  |TAMS 0x0000000602000000, 0x0000000601c00000| Untracked 
|   5|0x0000000602000000, 0x0000000602400000, 0x0000000602400000|100%| O|  |TAMS 0x0000000602400000, 0x0000000602000000| Untracked 
|   6|0x0000000602400000, 0x0000000602800000, 0x0000000602800000|100%| O|  |TAMS 0x0000000602800000, 0x0000000602400000| Untracked 
|   7|0x0000000602800000, 0x0000000602c00000, 0x0000000602c00000|100%| O|  |TAMS 0x0000000602c00000, 0x0000000602800000| Untracked 
|   8|0x0000000602c00000, 0x0000000603000000, 0x0000000603000000|100%| O|  |TAMS 0x0000000603000000, 0x0000000602c00000| Untracked 
|   9|0x0000000603000000, 0x0000000603400000, 0x0000000603400000|100%| O|  |TAMS 0x0000000603400000, 0x0000000603000000| Untracked 
|  10|0x0000000603400000, 0x0000000603800000, 0x0000000603800000|100%| O|  |TAMS 0x0000000603800000, 0x0000000603400000| Untracked 
|  11|0x0000000603800000, 0x0000000603c00000, 0x0000000603c00000|100%| O|  |TAMS 0x0000000603c00000, 0x0000000603800000| Untracked 
|  12|0x0000000603c00000, 0x0000000604000000, 0x0000000604000000|100%| O|  |TAMS 0x0000000604000000, 0x0000000603c00000| Untracked 
|  13|0x0000000604000000, 0x0000000604400000, 0x0000000604400000|100%| O|  |TAMS 0x0000000604400000, 0x0000000604000000| Untracked 
|  14|0x0000000604400000, 0x0000000604800000, 0x0000000604800000|100%| O|  |TAMS 0x0000000604800000, 0x0000000604400000| Untracked 
|  15|0x0000000604800000, 0x0000000604c00000, 0x0000000604c00000|100%|HS|  |TAMS 0x0000000604c00000, 0x0000000604800000| Complete 
|  16|0x0000000604c00000, 0x0000000605000000, 0x0000000605000000|100%|HC|  |TAMS 0x0000000605000000, 0x0000000604c00000| Complete 
|  17|0x0000000605000000, 0x0000000605400000, 0x0000000605400000|100%|HC|  |TAMS 0x0000000605400000, 0x0000000605000000| Complete 
|  18|0x0000000605400000, 0x0000000605800000, 0x0000000605800000|100%| O|  |TAMS 0x0000000605800000, 0x0000000605400000| Untracked 
|  19|0x0000000605800000, 0x0000000605c00000, 0x0000000605c00000|100%| O|  |TAMS 0x0000000605c00000, 0x0000000605800000| Untracked 
|  20|0x0000000605c00000, 0x0000000606000000, 0x0000000606000000|100%| O|  |TAMS 0x0000000605c00000, 0x0000000605c00000| Untracked 
|  21|0x0000000606000000, 0x0000000606400000, 0x0000000606400000|100%| O|  |TAMS 0x0000000606400000, 0x0000000606000000| Untracked 
|  22|0x0000000606400000, 0x0000000606800000, 0x0000000606800000|100%| O|  |TAMS 0x0000000606800000, 0x0000000606400000| Untracked 
|  23|0x0000000606800000, 0x0000000606c00000, 0x0000000606c00000|100%| O|  |TAMS 0x0000000606c00000, 0x0000000606800000| Untracked 
|  24|0x0000000606c00000, 0x0000000607000000, 0x0000000607000000|100%| O|  |TAMS 0x0000000607000000, 0x0000000606c00000| Untracked 
|  25|0x0000000607000000, 0x0000000607400000, 0x0000000607400000|100%| O|  |TAMS 0x000000060709fa00, 0x0000000607000000| Untracked 
|  26|0x0000000607400000, 0x0000000607800000, 0x0000000607800000|100%| O|  |TAMS 0x0000000607400000, 0x0000000607400000| Untracked 
|  27|0x0000000607800000, 0x0000000607c00000, 0x0000000607c00000|100%| O|  |TAMS 0x0000000607800000, 0x0000000607800000| Untracked 
|  28|0x0000000607c00000, 0x0000000608000000, 0x0000000608000000|100%| O|  |TAMS 0x0000000607c00000, 0x0000000607c00000| Untracked 
|  29|0x0000000608000000, 0x0000000608400000, 0x0000000608400000|100%| O|  |TAMS 0x0000000608000000, 0x0000000608000000| Untracked 
|  30|0x0000000608400000, 0x0000000608800000, 0x0000000608800000|100%| O|  |TAMS 0x0000000608400000, 0x0000000608400000| Untracked 
|  31|0x0000000608800000, 0x0000000608c00000, 0x0000000608c00000|100%| O|  |TAMS 0x0000000608800000, 0x0000000608800000| Untracked 
|  32|0x0000000608c00000, 0x0000000609000000, 0x0000000609000000|100%| O|  |TAMS 0x0000000608c00000, 0x0000000608c00000| Untracked 
|  33|0x0000000609000000, 0x0000000609000000, 0x0000000609400000|  0%| F|  |TAMS 0x0000000609000000, 0x0000000609000000| Untracked 
|  34|0x0000000609400000, 0x0000000609400000, 0x0000000609800000|  0%| F|  |TAMS 0x0000000609400000, 0x0000000609400000| Untracked 
|  35|0x0000000609800000, 0x0000000609800000, 0x0000000609c00000|  0%| F|  |TAMS 0x0000000609800000, 0x0000000609800000| Untracked 
|  36|0x0000000609c00000, 0x0000000609c00000, 0x000000060a000000|  0%| F|  |TAMS 0x0000000609c00000, 0x0000000609c00000| Untracked 
|  37|0x000000060a000000, 0x000000060a000000, 0x000000060a400000|  0%| F|  |TAMS 0x000000060a000000, 0x000000060a000000| Untracked 
|  38|0x000000060a400000, 0x000000060a400000, 0x000000060a800000|  0%| F|  |TAMS 0x000000060a400000, 0x000000060a400000| Untracked 
|  39|0x000000060a800000, 0x000000060a800000, 0x000000060ac00000|  0%| F|  |TAMS 0x000000060a800000, 0x000000060a800000| Untracked 
|  40|0x000000060ac00000, 0x000000060ac00000, 0x000000060b000000|  0%| F|  |TAMS 0x000000060ac00000, 0x000000060ac00000| Untracked 
|  41|0x000000060b000000, 0x000000060b000000, 0x000000060b400000|  0%| F|  |TAMS 0x000000060b000000, 0x000000060b000000| Untracked 
|  42|0x000000060b400000, 0x000000060b400000, 0x000000060b800000|  0%| F|  |TAMS 0x000000060b400000, 0x000000060b400000| Untracked 
|  43|0x000000060b800000, 0x000000060b800000, 0x000000060bc00000|  0%| F|  |TAMS 0x000000060b800000, 0x000000060b800000| Untracked 
|  44|0x000000060bc00000, 0x000000060bc00000, 0x000000060c000000|  0%| F|  |TAMS 0x000000060bc00000, 0x000000060bc00000| Untracked 
|  45|0x000000060c000000, 0x000000060c000000, 0x000000060c400000|  0%| F|  |TAMS 0x000000060c000000, 0x000000060c000000| Untracked 
|  46|0x000000060c400000, 0x000000060c400000, 0x000000060c800000|  0%| F|  |TAMS 0x000000060c400000, 0x000000060c400000| Untracked 
|  47|0x000000060c800000, 0x000000060c800000, 0x000000060cc00000|  0%| F|  |TAMS 0x000000060c800000, 0x000000060c800000| Untracked 
|  48|0x000000060cc00000, 0x000000060cf55b68, 0x000000060d000000| 83%| S|CS|TAMS 0x000000060cc00000, 0x000000060cc00000| Complete 
|  49|0x000000060d000000, 0x000000060d400000, 0x000000060d400000|100%| S|CS|TAMS 0x000000060d000000, 0x000000060d000000| Complete 
|  50|0x000000060d400000, 0x000000060d800000, 0x000000060d800000|100%| S|CS|TAMS 0x000000060d400000, 0x000000060d400000| Complete 
|  51|0x000000060d800000, 0x000000060d800000, 0x000000060dc00000|  0%| F|  |TAMS 0x000000060d800000, 0x000000060d800000| Untracked 
|  52|0x000000060dc00000, 0x000000060dc00000, 0x000000060e000000|  0%| F|  |TAMS 0x000000060dc00000, 0x000000060dc00000| Untracked 
|  53|0x000000060e000000, 0x000000060e000000, 0x000000060e400000|  0%| F|  |TAMS 0x000000060e000000, 0x000000060e000000| Untracked 
|  54|0x000000060e400000, 0x000000060e400000, 0x000000060e800000|  0%| F|  |TAMS 0x000000060e400000, 0x000000060e400000| Untracked 
|  55|0x000000060e800000, 0x000000060e800000, 0x000000060ec00000|  0%| F|  |TAMS 0x000000060e800000, 0x000000060e800000| Untracked 
|  56|0x000000060ec00000, 0x000000060ec00000, 0x000000060f000000|  0%| F|  |TAMS 0x000000060ec00000, 0x000000060ec00000| Untracked 
|  57|0x000000060f000000, 0x000000060f000000, 0x000000060f400000|  0%| F|  |TAMS 0x000000060f000000, 0x000000060f000000| Untracked 
|  58|0x000000060f400000, 0x000000060f400000, 0x000000060f800000|  0%| F|  |TAMS 0x000000060f400000, 0x000000060f400000| Untracked 
|  59|0x000000060f800000, 0x000000060f800000, 0x000000060fc00000|  0%| F|  |TAMS 0x000000060f800000, 0x000000060f800000| Untracked 
|  60|0x000000060fc00000, 0x000000060fc00000, 0x0000000610000000|  0%| F|  |TAMS 0x000000060fc00000, 0x000000060fc00000| Untracked 
|  61|0x0000000610000000, 0x0000000610000000, 0x0000000610400000|  0%| F|  |TAMS 0x0000000610000000, 0x0000000610000000| Untracked 
|  62|0x0000000610400000, 0x0000000610400000, 0x0000000610800000|  0%| F|  |TAMS 0x0000000610400000, 0x0000000610400000| Untracked 
|  63|0x0000000610800000, 0x0000000610800000, 0x0000000610c00000|  0%| F|  |TAMS 0x0000000610800000, 0x0000000610800000| Untracked 
|  64|0x0000000610c00000, 0x0000000610c00000, 0x0000000611000000|  0%| F|  |TAMS 0x0000000610c00000, 0x0000000610c00000| Untracked 
|  65|0x0000000611000000, 0x0000000611000000, 0x0000000611400000|  0%| F|  |TAMS 0x0000000611000000, 0x0000000611000000| Untracked 
|  66|0x0000000611400000, 0x0000000611400000, 0x0000000611800000|  0%| F|  |TAMS 0x0000000611400000, 0x0000000611400000| Untracked 
|  67|0x0000000611800000, 0x0000000611800000, 0x0000000611c00000|  0%| F|  |TAMS 0x0000000611800000, 0x0000000611800000| Untracked 
|  68|0x0000000611c00000, 0x0000000611c00000, 0x0000000612000000|  0%| F|  |TAMS 0x0000000611c00000, 0x0000000611c00000| Untracked 
|  69|0x0000000612000000, 0x0000000612000000, 0x0000000612400000|  0%| F|  |TAMS 0x0000000612000000, 0x0000000612000000| Untracked 
|  70|0x0000000612400000, 0x0000000612400000, 0x0000000612800000|  0%| F|  |TAMS 0x0000000612400000, 0x0000000612400000| Untracked 
|  71|0x0000000612800000, 0x0000000612800000, 0x0000000612c00000|  0%| F|  |TAMS 0x0000000612800000, 0x0000000612800000| Untracked 
|  72|0x0000000612c00000, 0x0000000612c00000, 0x0000000613000000|  0%| F|  |TAMS 0x0000000612c00000, 0x0000000612c00000| Untracked 
|  73|0x0000000613000000, 0x0000000613000000, 0x0000000613400000|  0%| F|  |TAMS 0x0000000613000000, 0x0000000613000000| Untracked 
|  74|0x0000000613400000, 0x0000000613400000, 0x0000000613800000|  0%| F|  |TAMS 0x0000000613400000, 0x0000000613400000| Untracked 
|  75|0x0000000613800000, 0x0000000613800000, 0x0000000613c00000|  0%| F|  |TAMS 0x0000000613800000, 0x0000000613800000| Untracked 
|  76|0x0000000613c00000, 0x0000000613c00000, 0x0000000614000000|  0%| F|  |TAMS 0x0000000613c00000, 0x0000000613c00000| Untracked 
|  77|0x0000000614000000, 0x0000000614000000, 0x0000000614400000|  0%| F|  |TAMS 0x0000000614000000, 0x0000000614000000| Untracked 
|  78|0x0000000614400000, 0x0000000614400000, 0x0000000614800000|  0%| F|  |TAMS 0x0000000614400000, 0x0000000614400000| Untracked 
|  79|0x0000000614800000, 0x0000000614800000, 0x0000000614c00000|  0%| F|  |TAMS 0x0000000614800000, 0x0000000614800000| Untracked 
|  80|0x0000000614c00000, 0x0000000614c00000, 0x0000000615000000|  0%| F|  |TAMS 0x0000000614c00000, 0x0000000614c00000| Untracked 
|  81|0x0000000615000000, 0x0000000615000000, 0x0000000615400000|  0%| F|  |TAMS 0x0000000615000000, 0x0000000615000000| Untracked 
|  82|0x0000000615400000, 0x0000000615400000, 0x0000000615800000|  0%| F|  |TAMS 0x0000000615400000, 0x0000000615400000| Untracked 
|  83|0x0000000615800000, 0x0000000615800000, 0x0000000615c00000|  0%| F|  |TAMS 0x0000000615800000, 0x0000000615800000| Untracked 
|  84|0x0000000615c00000, 0x0000000615c00000, 0x0000000616000000|  0%| F|  |TAMS 0x0000000615c00000, 0x0000000615c00000| Untracked 
|  85|0x0000000616000000, 0x0000000616000000, 0x0000000616400000|  0%| F|  |TAMS 0x0000000616000000, 0x0000000616000000| Untracked 
|  86|0x0000000616400000, 0x0000000616400000, 0x0000000616800000|  0%| F|  |TAMS 0x0000000616400000, 0x0000000616400000| Untracked 
|  87|0x0000000616800000, 0x0000000616800000, 0x0000000616c00000|  0%| F|  |TAMS 0x0000000616800000, 0x0000000616800000| Untracked 
|  88|0x0000000616c00000, 0x0000000616c00000, 0x0000000617000000|  0%| F|  |TAMS 0x0000000616c00000, 0x0000000616c00000| Untracked 
|  89|0x0000000617000000, 0x0000000617000000, 0x0000000617400000|  0%| F|  |TAMS 0x0000000617000000, 0x0000000617000000| Untracked 
|  90|0x0000000617400000, 0x0000000617400000, 0x0000000617800000|  0%| F|  |TAMS 0x0000000617400000, 0x0000000617400000| Untracked 
|  91|0x0000000617800000, 0x0000000617800000, 0x0000000617c00000|  0%| F|  |TAMS 0x0000000617800000, 0x0000000617800000| Untracked 
|  92|0x0000000617c00000, 0x0000000617c00000, 0x0000000618000000|  0%| F|  |TAMS 0x0000000617c00000, 0x0000000617c00000| Untracked 
|  93|0x0000000618000000, 0x0000000618000000, 0x0000000618400000|  0%| F|  |TAMS 0x0000000618000000, 0x0000000618000000| Untracked 
|  94|0x0000000618400000, 0x0000000618400000, 0x0000000618800000|  0%| F|  |TAMS 0x0000000618400000, 0x0000000618400000| Untracked 
|  95|0x0000000618800000, 0x0000000618800000, 0x0000000618c00000|  0%| F|  |TAMS 0x0000000618800000, 0x0000000618800000| Untracked 
|  96|0x0000000618c00000, 0x0000000618c00000, 0x0000000619000000|  0%| F|  |TAMS 0x0000000618c00000, 0x0000000618c00000| Untracked 
|  97|0x0000000619000000, 0x0000000619000000, 0x0000000619400000|  0%| F|  |TAMS 0x0000000619000000, 0x0000000619000000| Untracked 
|  98|0x0000000619400000, 0x0000000619400000, 0x0000000619800000|  0%| F|  |TAMS 0x0000000619400000, 0x0000000619400000| Untracked 
|  99|0x0000000619800000, 0x0000000619800000, 0x0000000619c00000|  0%| F|  |TAMS 0x0000000619800000, 0x0000000619800000| Untracked 
| 100|0x0000000619c00000, 0x0000000619c00000, 0x000000061a000000|  0%| F|  |TAMS 0x0000000619c00000, 0x0000000619c00000| Untracked 
| 101|0x000000061a000000, 0x000000061a000000, 0x000000061a400000|  0%| F|  |TAMS 0x000000061a000000, 0x000000061a000000| Untracked 
| 102|0x000000061a400000, 0x000000061a400000, 0x000000061a800000|  0%| F|  |TAMS 0x000000061a400000, 0x000000061a400000| Untracked 
| 103|0x000000061a800000, 0x000000061a800000, 0x000000061ac00000|  0%| F|  |TAMS 0x000000061a800000, 0x000000061a800000| Untracked 
| 104|0x000000061ac00000, 0x000000061ac00000, 0x000000061b000000|  0%| F|  |TAMS 0x000000061ac00000, 0x000000061ac00000| Untracked 
| 105|0x000000061b000000, 0x000000061b000000, 0x000000061b400000|  0%| F|  |TAMS 0x000000061b000000, 0x000000061b000000| Untracked 
| 106|0x000000061b400000, 0x000000061b400000, 0x000000061b800000|  0%| F|  |TAMS 0x000000061b400000, 0x000000061b400000| Untracked 
| 107|0x000000061b800000, 0x000000061b800000, 0x000000061bc00000|  0%| F|  |TAMS 0x000000061b800000, 0x000000061b800000| Untracked 
| 108|0x000000061bc00000, 0x000000061bc00000, 0x000000061c000000|  0%| F|  |TAMS 0x000000061bc00000, 0x000000061bc00000| Untracked 
| 109|0x000000061c000000, 0x000000061c000000, 0x000000061c400000|  0%| F|  |TAMS 0x000000061c000000, 0x000000061c000000| Untracked 
| 110|0x000000061c400000, 0x000000061c400000, 0x000000061c800000|  0%| F|  |TAMS 0x000000061c400000, 0x000000061c400000| Untracked 
| 111|0x000000061c800000, 0x000000061c800000, 0x000000061cc00000|  0%| F|  |TAMS 0x000000061c800000, 0x000000061c800000| Untracked 
| 112|0x000000061cc00000, 0x000000061cc00000, 0x000000061d000000|  0%| F|  |TAMS 0x000000061cc00000, 0x000000061cc00000| Untracked 
| 113|0x000000061d000000, 0x000000061d000000, 0x000000061d400000|  0%| F|  |TAMS 0x000000061d000000, 0x000000061d000000| Untracked 
| 114|0x000000061d400000, 0x000000061d400000, 0x000000061d800000|  0%| F|  |TAMS 0x000000061d400000, 0x000000061d400000| Untracked 
| 115|0x000000061d800000, 0x000000061d800000, 0x000000061dc00000|  0%| F|  |TAMS 0x000000061d800000, 0x000000061d800000| Untracked 
| 116|0x000000061dc00000, 0x000000061dc00000, 0x000000061e000000|  0%| F|  |TAMS 0x000000061dc00000, 0x000000061dc00000| Untracked 
| 117|0x000000061e000000, 0x000000061e000000, 0x000000061e400000|  0%| F|  |TAMS 0x000000061e000000, 0x000000061e000000| Untracked 
| 118|0x000000061e400000, 0x000000061e408c80, 0x000000061e800000|  0%| E|  |TAMS 0x000000061e400000, 0x000000061e400000| Complete 
| 119|0x000000061e800000, 0x000000061ec00000, 0x000000061ec00000|100%| E|CS|TAMS 0x000000061e800000, 0x000000061e800000| Complete 
| 120|0x000000061ec00000, 0x000000061f000000, 0x000000061f000000|100%| E|CS|TAMS 0x000000061ec00000, 0x000000061ec00000| Complete 
| 121|0x000000061f000000, 0x000000061f400000, 0x000000061f400000|100%| E|CS|TAMS 0x000000061f000000, 0x000000061f000000| Complete 
| 122|0x000000061f400000, 0x000000061f800000, 0x000000061f800000|100%| E|CS|TAMS 0x000000061f400000, 0x000000061f400000| Complete 
| 123|0x000000061f800000, 0x000000061fc00000, 0x000000061fc00000|100%| E|CS|TAMS 0x000000061f800000, 0x000000061f800000| Complete 
| 124|0x000000061fc00000, 0x0000000620000000, 0x0000000620000000|100%| E|CS|TAMS 0x000000061fc00000, 0x000000061fc00000| Complete 
| 125|0x0000000620000000, 0x0000000620400000, 0x0000000620400000|100%| E|CS|TAMS 0x0000000620000000, 0x0000000620000000| Complete 
| 126|0x0000000620400000, 0x0000000620800000, 0x0000000620800000|100%| E|CS|TAMS 0x0000000620400000, 0x0000000620400000| Complete 
| 127|0x0000000620800000, 0x0000000620c00000, 0x0000000620c00000|100%| E|CS|TAMS 0x0000000620800000, 0x0000000620800000| Complete 
| 128|0x0000000620c00000, 0x0000000621000000, 0x0000000621000000|100%| E|CS|TAMS 0x0000000620c00000, 0x0000000620c00000| Complete 
| 129|0x0000000621000000, 0x0000000621400000, 0x0000000621400000|100%| E|CS|TAMS 0x0000000621000000, 0x0000000621000000| Complete 
| 130|0x0000000621400000, 0x0000000621800000, 0x0000000621800000|100%| E|CS|TAMS 0x0000000621400000, 0x0000000621400000| Complete 
| 131|0x0000000621800000, 0x0000000621c00000, 0x0000000621c00000|100%| E|CS|TAMS 0x0000000621800000, 0x0000000621800000| Complete 
| 132|0x0000000621c00000, 0x0000000622000000, 0x0000000622000000|100%| E|CS|TAMS 0x0000000621c00000, 0x0000000621c00000| Complete 
| 133|0x0000000622000000, 0x0000000622400000, 0x0000000622400000|100%| E|CS|TAMS 0x0000000622000000, 0x0000000622000000| Complete 
| 134|0x0000000622400000, 0x0000000622800000, 0x0000000622800000|100%| E|CS|TAMS 0x0000000622400000, 0x0000000622400000| Complete 
| 135|0x0000000622800000, 0x0000000622c00000, 0x0000000622c00000|100%| E|CS|TAMS 0x0000000622800000, 0x0000000622800000| Complete 
| 136|0x0000000622c00000, 0x0000000623000000, 0x0000000623000000|100%| E|CS|TAMS 0x0000000622c00000, 0x0000000622c00000| Complete 
| 137|0x0000000623000000, 0x0000000623400000, 0x0000000623400000|100%| E|CS|TAMS 0x0000000623000000, 0x0000000623000000| Complete 
| 138|0x0000000623400000, 0x0000000623800000, 0x0000000623800000|100%| E|CS|TAMS 0x0000000623400000, 0x0000000623400000| Complete 
| 139|0x0000000623800000, 0x0000000623c00000, 0x0000000623c00000|100%| E|CS|TAMS 0x0000000623800000, 0x0000000623800000| Complete 
| 140|0x0000000623c00000, 0x0000000624000000, 0x0000000624000000|100%| E|CS|TAMS 0x0000000623c00000, 0x0000000623c00000| Complete 
| 141|0x0000000624000000, 0x0000000624400000, 0x0000000624400000|100%| E|CS|TAMS 0x0000000624000000, 0x0000000624000000| Complete 
| 142|0x0000000624400000, 0x0000000624800000, 0x0000000624800000|100%| E|CS|TAMS 0x0000000624400000, 0x0000000624400000| Complete 
| 143|0x0000000624800000, 0x0000000624c00000, 0x0000000624c00000|100%| E|CS|TAMS 0x0000000624800000, 0x0000000624800000| Complete 
| 144|0x0000000624c00000, 0x0000000625000000, 0x0000000625000000|100%| E|CS|TAMS 0x0000000624c00000, 0x0000000624c00000| Complete 
| 145|0x0000000625000000, 0x0000000625400000, 0x0000000625400000|100%| E|CS|TAMS 0x0000000625000000, 0x0000000625000000| Complete 
| 146|0x0000000625400000, 0x0000000625800000, 0x0000000625800000|100%| E|CS|TAMS 0x0000000625400000, 0x0000000625400000| Complete 
| 147|0x0000000625800000, 0x0000000625c00000, 0x0000000625c00000|100%| E|CS|TAMS 0x0000000625800000, 0x0000000625800000| Complete 
| 148|0x0000000625c00000, 0x0000000626000000, 0x0000000626000000|100%| E|CS|TAMS 0x0000000625c00000, 0x0000000625c00000| Complete 
| 149|0x0000000626000000, 0x0000000626400000, 0x0000000626400000|100%| E|CS|TAMS 0x0000000626000000, 0x0000000626000000| Complete 
| 150|0x0000000626400000, 0x0000000626800000, 0x0000000626800000|100%| E|CS|TAMS 0x0000000626400000, 0x0000000626400000| Complete 
| 151|0x0000000626800000, 0x0000000626c00000, 0x0000000626c00000|100%| E|CS|TAMS 0x0000000626800000, 0x0000000626800000| Complete 
| 152|0x0000000626c00000, 0x0000000627000000, 0x0000000627000000|100%| E|CS|TAMS 0x0000000626c00000, 0x0000000626c00000| Complete 
| 153|0x0000000627000000, 0x0000000627400000, 0x0000000627400000|100%| E|CS|TAMS 0x0000000627000000, 0x0000000627000000| Complete 
| 154|0x0000000627400000, 0x0000000627800000, 0x0000000627800000|100%| E|CS|TAMS 0x0000000627400000, 0x0000000627400000| Complete 
| 155|0x0000000627800000, 0x0000000627c00000, 0x0000000627c00000|100%| E|CS|TAMS 0x0000000627800000, 0x0000000627800000| Complete 
| 156|0x0000000627c00000, 0x0000000628000000, 0x0000000628000000|100%| E|CS|TAMS 0x0000000627c00000, 0x0000000627c00000| Complete 
| 157|0x0000000628000000, 0x0000000628400000, 0x0000000628400000|100%| E|CS|TAMS 0x0000000628000000, 0x0000000628000000| Complete 
| 158|0x0000000628400000, 0x0000000628800000, 0x0000000628800000|100%| E|CS|TAMS 0x0000000628400000, 0x0000000628400000| Complete 
| 159|0x0000000628800000, 0x0000000628c00000, 0x0000000628c00000|100%| E|CS|TAMS 0x0000000628800000, 0x0000000628800000| Complete 
| 160|0x0000000628c00000, 0x0000000629000000, 0x0000000629000000|100%| E|CS|TAMS 0x0000000628c00000, 0x0000000628c00000| Complete 
| 161|0x0000000629000000, 0x0000000629400000, 0x0000000629400000|100%| E|CS|TAMS 0x0000000629000000, 0x0000000629000000| Complete 
| 162|0x0000000629400000, 0x0000000629800000, 0x0000000629800000|100%| E|CS|TAMS 0x0000000629400000, 0x0000000629400000| Complete 
| 163|0x0000000629800000, 0x0000000629c00000, 0x0000000629c00000|100%| E|CS|TAMS 0x0000000629800000, 0x0000000629800000| Complete 
| 164|0x0000000629c00000, 0x000000062a000000, 0x000000062a000000|100%| E|CS|TAMS 0x0000000629c00000, 0x0000000629c00000| Complete 
| 165|0x000000062a000000, 0x000000062a400000, 0x000000062a400000|100%| E|CS|TAMS 0x000000062a000000, 0x000000062a000000| Complete 
| 166|0x000000062a400000, 0x000000062a800000, 0x000000062a800000|100%| E|CS|TAMS 0x000000062a400000, 0x000000062a400000| Complete 
| 167|0x000000062a800000, 0x000000062ac00000, 0x000000062ac00000|100%| E|CS|TAMS 0x000000062a800000, 0x000000062a800000| Complete 
| 168|0x000000062ac00000, 0x000000062b000000, 0x000000062b000000|100%| E|CS|TAMS 0x000000062ac00000, 0x000000062ac00000| Complete 
| 169|0x000000062b000000, 0x000000062b400000, 0x000000062b400000|100%| E|CS|TAMS 0x000000062b000000, 0x000000062b000000| Complete 
| 170|0x000000062b400000, 0x000000062b800000, 0x000000062b800000|100%| E|CS|TAMS 0x000000062b400000, 0x000000062b400000| Complete 

Card table byte_map: [0x000001bcba5c0000,0x000001bcbb5c0000] _byte_map_base: 0x000001bcb75ba000

Marking Bits (Prev, Next): (CMBitMap*) 0x000001bca265af90, (CMBitMap*) 0x000001bca265af50
 Prev Bits: [0x000001bcc4590000, 0x000001bccc560000)
 Next Bits: [0x000001bcbc5c0000, 0x000001bcc4590000)

Polling page: 0x000001bca0560000

Metaspace:

Usage:
  Non-class:     54.50 MB used.
      Class:      9.74 MB used.
       Both:     64.24 MB used.

Virtual space:
  Non-class space:       56.00 MB reserved,      55.12 MB ( 98%) committed,  7 nodes.
      Class space:        1.00 GB reserved,      10.25 MB (  1%) committed,  1 nodes.
             Both:        1.05 GB reserved,      65.38 MB (  6%) committed. 

Chunk freelists:
   Non-Class:  834.00 KB
       Class:  1.72 MB
        Both:  2.54 MB

MaxMetaspaceSize: unlimited
CompressedClassSpaceSize: 1.00 GB
Initial GC threshold: 21.00 MB
Current GC threshold: 70.56 MB
CDS: on
MetaspaceReclaimPolicy: balanced
 - commit_granule_bytes: 65536.
 - commit_granule_words: 8192.
 - virtual_space_node_default_size: 1048576.
 - enlarge_chunks_in_place: 1.
 - new_chunks_are_fully_committed: 0.
 - uncommit_free_chunks: 1.
 - use_allocation_guard: 0.
 - handle_deallocations: 1.


Internal statistics:

num_allocs_failed_limit: 9.
num_arena_births: 1718.
num_arena_deaths: 0.
num_vsnodes_births: 8.
num_vsnodes_deaths: 0.
num_space_committed: 1043.
num_space_uncommitted: 0.
num_chunks_returned_to_freelist: 9.
num_chunks_taken_from_freelist: 4442.
num_chunk_merges: 9.
num_chunk_splits: 2877.
num_chunks_enlarged: 1946.
num_purges: 0.
num_inconsistent_stats: 0.

CodeHeap 'non-profiled nmethods': size=120000Kb used=6154Kb max_used=6340Kb free=113846Kb
 bounds [0x000001bcb1b40000, 0x000001bcb2180000, 0x000001bcb9070000]
CodeHeap 'profiled nmethods': size=120000Kb used=11240Kb max_used=13577Kb free=108759Kb
 bounds [0x000001bcaa610000, 0x000001bcab360000, 0x000001bcb1b40000]
CodeHeap 'non-nmethods': size=5760Kb used=1955Kb max_used=1986Kb free=3804Kb
 bounds [0x000001bcaa070000, 0x000001bcaa2e0000, 0x000001bcaa610000]
 total_blobs=8691 nmethods=7214 adapters=1389
 compilation: enabled
              stopped_count=0, restarted_count=0
 full_count=0

Compilation events (20 events):
Event: 7.796 Thread 0x000001bccc75c050 9587       3       org.lwjgl.glfw.GLFWVidMode$Buffer::getElementFactory (5 bytes)
Event: 7.796 Thread 0x000001bccc75c050 nmethod 9587 0x000001bcaae40010 code [0x000001bcaae401a0, 0x000001bcaae40318]
Event: 7.796 Thread 0x000001bccc75c050 9588       3       org.lwjgl.glfw.GLFWVidMode$Buffer::getElementFactory (4 bytes)
Event: 7.796 Thread 0x000001bccc75c050 nmethod 9588 0x000001bcaabeae90 code [0x000001bcaabeb020, 0x000001bcaabeb138]
Event: 7.796 Thread 0x000001bccc75c050 9589       3       org.lwjgl.glfw.GLFWVidMode::sizeof (4 bytes)
Event: 7.796 Thread 0x000001bccc75c050 nmethod 9589 0x000001bcaacd2e10 code [0x000001bcaacd2fa0, 0x000001bcaacd30b8]
Event: 7.796 Thread 0x000001bccc75c050 9585       3       org.lwjgl.system.CustomBuffer::address (19 bytes)
Event: 7.796 Thread 0x000001bccc75c050 nmethod 9585 0x000001bcaa8ab910 code [0x000001bcaa8abac0, 0x000001bcaa8abd28]
Event: 7.796 Thread 0x000001bccc75c050 9591       3       org.objectweb.asm.ClassWriter::visit (160 bytes)
Event: 7.797 Thread 0x000001bccc75c050 nmethod 9591 0x000001bcaa907890 code [0x000001bcaa907ac0, 0x000001bcaa908338]
Event: 7.797 Thread 0x000001bccc75c050 9586       3       org.lwjgl.system.StructBuffer::sizeof (8 bytes)
Event: 7.797 Thread 0x000001bccc75c050 nmethod 9586 0x000001bcaa90a810 code [0x000001bcaa90a9c0, 0x000001bcaa90ac18]
Event: 7.797 Thread 0x000001bccc75c050 9590       3       org.objectweb.asm.SymbolTable::<init> (41 bytes)
Event: 7.797 Thread 0x000001bccc75c050 nmethod 9590 0x000001bcaa717e90 code [0x000001bcaa718060, 0x000001bcaa7185f8]
Event: 7.797 Thread 0x000001bccc75c050 9592       3       org.objectweb.asm.SymbolTable::setMajorVersionAndClassName (19 bytes)
Event: 7.797 Thread 0x000001bccc75c050 nmethod 9592 0x000001bcaa8b7f90 code [0x000001bcaa8b8140, 0x000001bcaa8b8348]
Event: 7.797 Thread 0x000001bccc75c050 9593       3       org.objectweb.asm.ClassWriter::visitEnd (1 bytes)
Event: 7.797 Thread 0x000001bccc75c050 nmethod 9593 0x000001bcaad4f710 code [0x000001bcaad4f8a0, 0x000001bcaad4f9b8]
Event: 8.150 Thread 0x000001bccc75c050 9597       3       java.util.concurrent.locks.ReentrantLock$NonfairSync::initialTryLock (58 bytes)
Event: 8.150 Thread 0x000001bccc75c050 nmethod 9597 0x000001bcaa81cc10 code [0x000001bcaa81cde0, 0x000001bcaa81d1f8]

GC Heap History (20 events):
Event: 3.344 GC heap before
{Heap before GC invocations=8 (full 0):
 garbage-first heap   total 221184K, used 68436K [0x0000000600c00000, 0x0000000800000000)
  region size 4096K, 5 young (20480K), 4 survivors (16384K)
 Metaspace       used 26320K, committed 27072K, reserved 1073152K
  class space    used 3246K, committed 3584K, reserved 1048576K
}
Event: 3.350 GC heap after
{Heap after GC invocations=9 (full 0):
 garbage-first heap   total 221184K, used 65984K [0x0000000600c00000, 0x0000000800000000)
  region size 4096K, 1 young (4096K), 1 survivors (4096K)
 Metaspace       used 26320K, committed 27072K, reserved 1073152K
  class space    used 3246K, committed 3584K, reserved 1048576K
}
Event: 3.462 GC heap before
{Heap before GC invocations=9 (full 0):
 garbage-first heap   total 221184K, used 160192K [0x0000000600c00000, 0x0000000800000000)
  region size 4096K, 24 young (98304K), 1 survivors (4096K)
 Metaspace       used 26986K, committed 27840K, reserved 1073152K
  class space    used 3347K, committed 3712K, reserved 1048576K
}
Event: 3.464 GC heap after
{Heap after GC invocations=10 (full 0):
 garbage-first heap   total 221184K, used 65770K [0x0000000600c00000, 0x0000000800000000)
  region size 4096K, 1 young (4096K), 1 survivors (4096K)
 Metaspace       used 26986K, committed 27840K, reserved 1073152K
  class space    used 3347K, committed 3712K, reserved 1048576K
}
Event: 3.554 GC heap before
{Heap before GC invocations=10 (full 0):
 garbage-first heap   total 221184K, used 164074K [0x0000000600c00000, 0x0000000800000000)
  region size 4096K, 25 young (102400K), 1 survivors (4096K)
 Metaspace       used 27004K, committed 27840K, reserved 1073152K
  class space    used 3349K, committed 3712K, reserved 1048576K
}
Event: 3.556 GC heap after
{Heap after GC invocations=11 (full 0):
 garbage-first heap   total 442368K, used 65543K [0x0000000600c00000, 0x0000000800000000)
  region size 4096K, 1 young (4096K), 1 survivors (4096K)
 Metaspace       used 27004K, committed 27840K, reserved 1073152K
  class space    used 3349K, committed 3712K, reserved 1048576K
}
Event: 4.053 GC heap before
{Heap before GC invocations=11 (full 0):
 garbage-first heap   total 442368K, used 335879K [0x0000000600c00000, 0x0000000800000000)
  region size 4096K, 64 young (262144K), 1 survivors (4096K)
 Metaspace       used 31385K, committed 32256K, reserved 1081344K
  class space    used 3956K, committed 4352K, reserved 1048576K
}
Event: 4.056 GC heap after
{Heap after GC invocations=12 (full 0):
 garbage-first heap   total 442368K, used 81728K [0x0000000600c00000, 0x0000000800000000)
  region size 4096K, 2 young (8192K), 2 survivors (8192K)
 Metaspace       used 31385K, committed 32256K, reserved 1081344K
  class space    used 3956K, committed 4352K, reserved 1048576K
}
Event: 4.567 GC heap before
{Heap before GC invocations=12 (full 0):
 garbage-first heap   total 442368K, used 311104K [0x0000000600c00000, 0x0000000800000000)
  region size 4096K, 59 young (241664K), 2 survivors (8192K)
 Metaspace       used 35511K, committed 36416K, reserved 1081344K
  class space    used 4442K, committed 4864K, reserved 1048576K
}
Event: 4.571 GC heap after
{Heap after GC invocations=13 (full 0):
 garbage-first heap   total 442368K, used 86128K [0x0000000600c00000, 0x0000000800000000)
  region size 4096K, 3 young (12288K), 3 survivors (12288K)
 Metaspace       used 35511K, committed 36416K, reserved 1081344K
  class space    used 4442K, committed 4864K, reserved 1048576K
}
Event: 5.238 GC heap before
{Heap before GC invocations=14 (full 0):
 garbage-first heap   total 327680K, used 270448K [0x0000000600c00000, 0x0000000800000000)
  region size 4096K, 48 young (196608K), 3 survivors (12288K)
 Metaspace       used 41555K, committed 42496K, reserved 1089536K
  class space    used 5513K, committed 5888K, reserved 1048576K
}
Event: 5.250 GC heap after
{Heap after GC invocations=15 (full 0):
 garbage-first heap   total 327680K, used 100000K [0x0000000600c00000, 0x0000000800000000)
  region size 4096K, 6 young (24576K), 6 survivors (24576K)
 Metaspace       used 41555K, committed 42496K, reserved 1089536K
  class space    used 5513K, committed 5888K, reserved 1048576K
}
Event: 5.261 GC heap before
{Heap before GC invocations=15 (full 0):
 garbage-first heap   total 327680K, used 104096K [0x0000000600c00000, 0x0000000800000000)
  region size 4096K, 7 young (28672K), 6 survivors (24576K)
 Metaspace       used 41566K, committed 42560K, reserved 1089536K
  class space    used 5516K, committed 5952K, reserved 1048576K
}
Event: 5.273 GC heap after
{Heap after GC invocations=16 (full 0):
 garbage-first heap   total 327680K, used 102722K [0x0000000600c00000, 0x0000000800000000)
  region size 4096K, 1 young (4096K), 1 survivors (4096K)
 Metaspace       used 41566K, committed 42560K, reserved 1089536K
  class space    used 5516K, committed 5952K, reserved 1048576K
}
Event: 5.536 GC heap before
{Heap before GC invocations=16 (full 0):
 garbage-first heap   total 327680K, used 262466K [0x0000000600c00000, 0x0000000800000000)
  region size 4096K, 40 young (163840K), 1 survivors (4096K)
 Metaspace       used 42248K, committed 43200K, reserved 1089536K
  class space    used 5616K, committed 6016K, reserved 1048576K
}
Event: 5.545 GC heap after
{Heap after GC invocations=17 (full 0):
 garbage-first heap   total 327680K, used 115611K [0x0000000600c00000, 0x0000000800000000)
  region size 4096K, 5 young (20480K), 5 survivors (20480K)
 Metaspace       used 42248K, committed 43200K, reserved 1089536K
  class space    used 5616K, committed 6016K, reserved 1048576K
}
Event: 5.998 GC heap before
{Heap before GC invocations=18 (full 0):
 garbage-first heap   total 327680K, used 254875K [0x0000000600c00000, 0x0000000800000000)
  region size 4096K, 39 young (159744K), 5 survivors (20480K)
 Metaspace       used 47261K, committed 48256K, reserved 1097728K
  class space    used 6402K, committed 6848K, reserved 1048576K
}
Event: 6.013 GC heap after
{Heap after GC invocations=19 (full 0):
 garbage-first heap   total 327680K, used 135047K [0x0000000600c00000, 0x0000000800000000)
  region size 4096K, 5 young (20480K), 5 survivors (20480K)
 Metaspace       used 47261K, committed 48256K, reserved 1097728K
  class space    used 6402K, committed 6848K, reserved 1048576K
}
Event: 6.609 GC heap before
{Heap before GC invocations=19 (full 0):
 garbage-first heap   total 327680K, used 249735K [0x0000000600c00000, 0x0000000800000000)
  region size 4096K, 34 young (139264K), 5 survivors (20480K)
 Metaspace       used 55819K, committed 56896K, reserved 1097728K
  class space    used 8292K, committed 8768K, reserved 1048576K
}
Event: 6.621 GC heap after
{Heap after GC invocations=20 (full 0):
 garbage-first heap   total 700416K, used 146774K [0x0000000600c00000, 0x0000000800000000)
  region size 4096K, 3 young (12288K), 3 survivors (12288K)
 Metaspace       used 55819K, committed 56896K, reserved 1097728K
  class space    used 8292K, committed 8768K, reserved 1048576K
}

Deoptimization events (20 events):
Event: 7.754 Thread 0x000001bca25a64e0 Uncommon trap: trap_request=0xffffff45 fr.pc=0x000001bcb2159570 relative=0x0000000000000290
Event: 7.754 Thread 0x000001bca25a64e0 Uncommon trap: reason=unstable_if action=reinterpret pc=0x000001bcb2159570 method=com.google.gson.stream.JsonReader.doPeek()I @ 315 c2
Event: 7.754 Thread 0x000001bca25a64e0 DEOPT PACKING pc=0x000001bcb2159570 sp=0x0000000dab7fdcd0
Event: 7.754 Thread 0x000001bca25a64e0 DEOPT UNPACKING pc=0x000001bcaa0c23a3 sp=0x0000000dab7fdc58 mode 2
Event: 7.754 Thread 0x000001bca25a64e0 Uncommon trap: trap_request=0xffffff45 fr.pc=0x000001bcb2158fc0 relative=0x00000000000000a0
Event: 7.754 Thread 0x000001bca25a64e0 Uncommon trap: reason=unstable_if action=reinterpret pc=0x000001bcb2158fc0 method=com.google.gson.stream.JsonReader.peek()Lcom/google/gson/stream/JsonToken; @ 15 c2
Event: 7.754 Thread 0x000001bca25a64e0 DEOPT PACKING pc=0x000001bcb2158fc0 sp=0x0000000dab7fdd10
Event: 7.754 Thread 0x000001bca25a64e0 DEOPT UNPACKING pc=0x000001bcaa0c23a3 sp=0x0000000dab7fdca8 mode 2
Event: 7.754 Thread 0x000001bca25a64e0 Uncommon trap: trap_request=0xffffff45 fr.pc=0x000001bcb2164aa0 relative=0x0000000000003860
Event: 7.754 Thread 0x000001bca25a64e0 Uncommon trap: reason=unstable_if action=reinterpret pc=0x000001bcb2164aa0 method=com.google.gson.stream.JsonReader.peek()Lcom/google/gson/stream/JsonToken; @ 6 c2
Event: 7.754 Thread 0x000001bca25a64e0 DEOPT PACKING pc=0x000001bcb2164aa0 sp=0x0000000dab7fdc10
Event: 7.754 Thread 0x000001bca25a64e0 DEOPT UNPACKING pc=0x000001bcaa0c23a3 sp=0x0000000dab7fdbb8 mode 2
Event: 7.761 Thread 0x000001bca25a64e0 Uncommon trap: trap_request=0xffffffbe fr.pc=0x000001bcb212a940 relative=0x00000000000001a0
Event: 7.761 Thread 0x000001bca25a64e0 Uncommon trap: reason=profile_predicate action=maybe_recompile pc=0x000001bcb212a940 method=sun.security.provider.DigestBase.implCompressMultiBlock0([BII)I @ 2 c2
Event: 7.761 Thread 0x000001bca25a64e0 DEOPT PACKING pc=0x000001bcb212a940 sp=0x0000000dab7fcfd0
Event: 7.761 Thread 0x000001bca25a64e0 DEOPT UNPACKING pc=0x000001bcaa0c23a3 sp=0x0000000dab7fcf98 mode 2
Event: 7.796 Thread 0x000001bca25a64e0 Uncommon trap: trap_request=0xffffffbe fr.pc=0x000001bcb212a940 relative=0x00000000000001a0
Event: 7.796 Thread 0x000001bca25a64e0 Uncommon trap: reason=profile_predicate action=maybe_recompile pc=0x000001bcb212a940 method=sun.security.provider.DigestBase.implCompressMultiBlock0([BII)I @ 2 c2
Event: 7.796 Thread 0x000001bca25a64e0 DEOPT PACKING pc=0x000001bcb212a940 sp=0x0000000dab7fcab0
Event: 7.796 Thread 0x000001bca25a64e0 DEOPT UNPACKING pc=0x000001bcaa0c23a3 sp=0x0000000dab7fca78 mode 2

Classes unloaded (0 events):
No events

Classes redefined (0 events):
No events

Internal exceptions (20 events):
Event: 7.393 Thread 0x000001bca25a64e0 Exception <a 'sun/nio/fs/WindowsException'{0x0000000621e8f780}> (0x0000000621e8f780) 
thrown [e:\jenkins\tmp\workspace\build\src\src\hotspot\share\prims\jni.cpp, line 516]
Event: 7.393 Thread 0x000001bca25a64e0 Exception <a 'sun/nio/fs/WindowsException'{0x0000000621e90f30}> (0x0000000621e90f30) 
thrown [e:\jenkins\tmp\workspace\build\src\src\hotspot\share\prims\jni.cpp, line 516]
Event: 7.483 Thread 0x000001bca25a64e0 Exception <a 'java/lang/NoSuchMethodError'{0x000000062088b6c8}: 'int java.lang.invoke.DirectMethodHandle$Holder.invokeStatic(java.lang.Object)'> (0x000000062088b6c8) 
thrown [e:\jenkins\tmp\workspace\build\src\src\hotspot\share\interpreter\linkResolver.cpp, line 766]
Event: 7.506 Thread 0x000001bca25a64e0 Exception <a 'java/lang/NoSuchMethodError'{0x00000006204c2ba0}: 'java.lang.Object java.lang.invoke.Invokers$Holder.linkToTargetMethod(java.lang.Object, int, java.lang.Object, java.lang.Object)'> (0x00000006204c2ba0) 
thrown [e:\jenkins\tmp\workspace\build\src\src\hotspot\share\interpreter\linkResolver.cpp, line 766]
Event: 7.511 Thread 0x000001bca25a64e0 Exception <a 'java/lang/NoSuchMethodError'{0x0000000620574920}: 'int java.lang.invoke.DirectMethodHandle$Holder.invokeStaticInit(java.lang.Object)'> (0x0000000620574920) 
thrown [e:\jenkins\tmp\workspace\build\src\src\hotspot\share\interpreter\linkResolver.cpp, line 766]
Event: 7.511 Thread 0x000001bca25a64e0 Exception <a 'java/lang/NoSuchMethodError'{0x000000062057bd08}: 'int java.lang.invoke.Invokers$Holder.invokeExact_MT(java.lang.Object, java.lang.Object)'> (0x000000062057bd08) 
thrown [e:\jenkins\tmp\workspace\build\src\src\hotspot\share\interpreter\linkResolver.cpp, line 766]
Event: 7.518 Thread 0x000001bca25a64e0 Exception <a 'sun/nio/fs/WindowsException'{0x0000000620696258}> (0x0000000620696258) 
thrown [e:\jenkins\tmp\workspace\build\src\src\hotspot\share\prims\jni.cpp, line 516]
Event: 7.518 Thread 0x000001bca25a64e0 Exception <a 'sun/nio/fs/WindowsException'{0x00000006206965d0}> (0x00000006206965d0) 
thrown [e:\jenkins\tmp\workspace\build\src\src\hotspot\share\prims\jni.cpp, line 516]
Event: 7.525 Thread 0x000001bca25a64e0 Exception <a 'java/lang/NoSuchMethodError'{0x0000000620722968}: 'java.lang.Object java.lang.invoke.DirectMethodHandle$Holder.invokeInterface(java.lang.Object, java.lang.Object, double)'> (0x0000000620722968) 
thrown [e:\jenkins\tmp\workspace\build\src\src\hotspot\share\interpreter\linkResolver.cpp, line 766]
Event: 7.526 Thread 0x000001bca25a64e0 Exception <a 'java/lang/NoSuchMethodError'{0x00000006207291b0}: 'double java.lang.invoke.DirectMethodHandle$Holder.invokeInterface(java.lang.Object, java.lang.Object, java.lang.Object)'> (0x00000006207291b0) 
thrown [e:\jenkins\tmp\workspace\build\src\src\hotspot\share\interpreter\linkResolver.cpp, line 766]
Event: 7.620 Thread 0x000001bca25a64e0 Exception <a 'java/lang/NoSuchMethodError'{0x000000061fa14598}: 'java.lang.Object java.lang.invoke.DirectMethodHandle$Holder.newInvokeSpecial(java.lang.Object, java.lang.Object, java.lang.Object, java.lang.Object, java.lang.Object, java.lang.Object, java.lang.Object, java.lang.Object, java.lang.Object, java.lang.Object)'> (0x000000061fa14598) 
thrown [e:\jenkins\tmp\workspace\build\src\src\hotspot\share\interpreter\linkResolver.cpp, line 766]
Event: 7.620 Thread 0x000001bca25a64e0 Exception <a 'java/lang/NoSuchMethodError'{0x000000061fa18b60}: 'java.lang.Object java.lang.invoke.Invokers$Holder.linkToTargetMethod(java.lang.Object, java.lang.Object, java.lang.Object, java.lang.Object, java.lang.Object, java.lang.Object, java.lang.Object, java.lang.Object, java.lang.Object, java.lang.Object)'> (0x000000061fa18b60) 
thrown [e:\jenkins\tmp\workspace\build\src\src\hotspot\share\interpreter\linkResolver.cpp, line 766]
Event: 7.685 Thread 0x000001bca25a64e0 Exception <a 'java/lang/NoSuchMethodError'{0x000000061f764da0}: 'java.lang.Object java.lang.invoke.Invokers$Holder.linkToTargetMethod(java.lang.Object, java.lang.Object, java.lang.Object, java.lang.Object, java.lang.Object, java.lang.Object, java.lang.Object, java.lang.Object, java.lang.Object)'> (0x000000061f764da0) 
thrown [e:\jenkins\tmp\workspace\build\src\src\hotspot\share\interpreter\linkResolver.cpp, line 766]
Event: 7.738 Thread 0x000001bca25a64e0 Exception <a 'java/lang/NoSuchMethodError'{0x000000061ec21718}: 'java.lang.Object java.lang.invoke.DirectMethodHandle$Holder.invokeSpecial(java.lang.Object, java.lang.Object, java.lang.Object, java.lang.Object, java.lang.Object, int, java.lang.Object)'> (0x000000061ec21718) 
thrown [e:\jenkins\tmp\workspace\build\src\src\hotspot\share\interpreter\linkResolver.cpp, line 766]
Event: 7.738 Thread 0x000001bca25a64e0 Exception <a 'java/lang/NoSuchMethodError'{0x000000061ec29da0}: 'java.lang.Object java.lang.invoke.DirectMethodHandle$Holder.invokeSpecial(java.lang.Object, java.lang.Object, java.lang.Object, java.lang.Object, java.lang.Object, java.lang.Object, int)'> (0x000000061ec29da0) 
thrown [e:\jenkins\tmp\workspace\build\src\src\hotspot\share\interpreter\linkResolver.cpp, line 766]
Event: 7.738 Thread 0x000001bca25a64e0 Exception <a 'java/lang/NoSuchMethodError'{0x000000061ec2d680}: 'java.lang.Object java.lang.invoke.Invokers$Holder.linkToTargetMethod(java.lang.Object, java.lang.Object, java.lang.Object, java.lang.Object, int, java.lang.Object)'> (0x000000061ec2d680) 
thrown [e:\jenkins\tmp\workspace\build\src\src\hotspot\share\interpreter\linkResolver.cpp, line 766]
Event: 7.780 Thread 0x000001bca25a64e0 Exception <a 'java/lang/NoSuchMethodError'{0x000000061e9a8c50}: 'long java.lang.invoke.DirectMethodHandle$Holder.invokeInterface(java.lang.Object, java.lang.Object)'> (0x000000061e9a8c50) 
thrown [e:\jenkins\tmp\workspace\build\src\src\hotspot\share\interpreter\linkResolver.cpp, line 766]
Event: 7.782 Thread 0x000001bca25a64e0 Exception <a 'java/lang/NoSuchMethodError'{0x000000061ea13058}: 'java.lang.Object java.lang.invoke.DirectMethodHandle$Holder.newInvokeSpecial(java.lang.Object, long)'> (0x000000061ea13058) 
thrown [e:\jenkins\tmp\workspace\build\src\src\hotspot\share\interpreter\linkResolver.cpp, line 766]
Event: 7.798 Thread 0x000001bca25a64e0 Exception <a 'java/lang/NoSuchMethodError'{0x000000061eacb3d8}: 'void java.lang.invoke.DirectMethodHandle$Holder.invokeSpecial(java.lang.Object, java.lang.Object, int, long)'> (0x000000061eacb3d8) 
thrown [e:\jenkins\tmp\workspace\build\src\src\hotspot\share\interpreter\linkResolver.cpp, line 766]
Event: 7.798 Thread 0x000001bca25a64e0 Exception <a 'java/lang/NoSuchMethodError'{0x000000061ead1350}: 'void java.lang.invoke.DirectMethodHandle$Holder.invokeStatic(java.lang.Object, int, long)'> (0x000000061ead1350) 
thrown [e:\jenkins\tmp\workspace\build\src\src\hotspot\share\interpreter\linkResolver.cpp, line 766]

VM Operations (20 events):
Event: 6.747 Executing VM operation: ICBufferFull
Event: 6.747 Executing VM operation: ICBufferFull done
Event: 6.747 Executing VM operation: ICBufferFull
Event: 6.747 Executing VM operation: ICBufferFull done
Event: 6.748 Executing VM operation: ICBufferFull
Event: 6.748 Executing VM operation: ICBufferFull done
Event: 6.963 Executing VM operation: ICBufferFull
Event: 6.963 Executing VM operation: ICBufferFull done
Event: 7.485 Executing VM operation: ICBufferFull
Event: 7.485 Executing VM operation: ICBufferFull done
Event: 7.516 Executing VM operation: HandshakeAllThreads
Event: 7.516 Executing VM operation: HandshakeAllThreads done
Event: 7.545 Executing VM operation: HandshakeAllThreads
Event: 7.545 Executing VM operation: HandshakeAllThreads done
Event: 7.556 Executing VM operation: HandshakeAllThreads
Event: 7.556 Executing VM operation: HandshakeAllThreads done
Event: 7.728 Executing VM operation: ICBufferFull
Event: 7.728 Executing VM operation: ICBufferFull done
Event: 7.737 Executing VM operation: HandshakeAllThreads
Event: 7.737 Executing VM operation: HandshakeAllThreads done

Events (20 events):
Event: 7.564 Thread 0x000001bccc75c980 flushing nmethod 0x000001bcab2cf610
Event: 7.564 Thread 0x000001bccc75c980 flushing nmethod 0x000001bcab2d2690
Event: 7.564 Thread 0x000001bccc75c980 flushing nmethod 0x000001bcab2d3d10
Event: 7.564 Thread 0x000001bccc75c980 flushing nmethod 0x000001bcab2d4890
Event: 7.564 Thread 0x000001bccc75c980 flushing nmethod 0x000001bcab2dcc90
Event: 7.564 Thread 0x000001bccc75c980 flushing nmethod 0x000001bcab2dd590
Event: 7.564 Thread 0x000001bccc75c980 flushing nmethod 0x000001bcab2de110
Event: 7.564 Thread 0x000001bccc75c980 flushing nmethod 0x000001bcab2f1f90
Event: 7.564 Thread 0x000001bccc75c980 flushing nmethod 0x000001bcab302910
Event: 7.564 Thread 0x000001bccc75c980 flushing nmethod 0x000001bcab305790
Event: 7.564 Thread 0x000001bccc75c980 flushing nmethod 0x000001bcab307710
Event: 7.564 Thread 0x000001bccc75c980 flushing nmethod 0x000001bcab30d990
Event: 7.564 Thread 0x000001bccc75c980 flushing nmethod 0x000001bcab318890
Event: 7.564 Thread 0x000001bccc75c980 flushing nmethod 0x000001bcab318d90
Event: 7.564 Thread 0x000001bccc75c980 flushing nmethod 0x000001bcab31a590
Event: 7.758 loading class java/util/EnumMap$Values
Event: 7.758 loading class java/util/EnumMap$Values done
Event: 7.758 loading class java/util/EnumMap$ValueIterator
Event: 7.758 loading class java/util/EnumMap$ValueIterator done
Event: 8.150 Thread 0x000001bcd054a5f0 Thread exited: 0x000001bcd054a5f0


Dynamic libraries:
0x00007ff7f5a40000 - 0x00007ff7f5a4e000 	C:\Program Files\Pylo\MCreator\jdk\bin\java.exe
0x00007ff899ff0000 - 0x00007ff89a1e8000 	C:\WINDOWS\SYSTEM32\ntdll.dll
0x00007ff898440000 - 0x00007ff8984ff000 	C:\WINDOWS\System32\KERNEL32.DLL
0x00007ff897aa0000 - 0x00007ff897d72000 	C:\WINDOWS\System32\KERNELBASE.dll
0x00007ff897f30000 - 0x00007ff898030000 	C:\WINDOWS\System32\ucrtbase.dll
0x00007ff880810000 - 0x00007ff880829000 	C:\Program Files\Pylo\MCreator\jdk\bin\VCRUNTIME140.dll
0x00007ff8801e0000 - 0x00007ff8801f8000 	C:\Program Files\Pylo\MCreator\jdk\bin\jli.dll
0x00007ff899cd0000 - 0x00007ff899e71000 	C:\WINDOWS\System32\USER32.dll
0x00007ff886d00000 - 0x00007ff886f9a000 	C:\WINDOWS\WinSxS\amd64_microsoft.windows.common-controls_6595b64144ccf1df_6.0.19041.1110_none_60b5254171f9507e\COMCTL32.dll
0x00007ff897f00000 - 0x00007ff897f22000 	C:\WINDOWS\System32\win32u.dll
0x00007ff899f20000 - 0x00007ff899f4b000 	C:\WINDOWS\System32\GDI32.dll
0x00007ff899e80000 - 0x00007ff899f1e000 	C:\WINDOWS\System32\msvcrt.dll
0x00007ff897750000 - 0x00007ff89785f000 	C:\WINDOWS\System32\gdi32full.dll
0x00007ff897e10000 - 0x00007ff897ead000 	C:\WINDOWS\System32\msvcp_win.dll
0x00007ff8985b0000 - 0x00007ff8985e2000 	C:\WINDOWS\System32\IMM32.DLL
0x00007ff893150000 - 0x00007ff89315c000 	C:\Program Files\Pylo\MCreator\jdk\bin\vcruntime140_1.dll
0x00007ff876b60000 - 0x00007ff876bf1000 	C:\Program Files\Pylo\MCreator\jdk\bin\msvcp140.dll
0x00007ff85ae40000 - 0x00007ff85ba88000 	C:\Program Files\Pylo\MCreator\jdk\bin\server\jvm.dll
0x00007ff8985f0000 - 0x00007ff89869e000 	C:\WINDOWS\System32\ADVAPI32.dll
0x00007ff8993f0000 - 0x00007ff89948c000 	C:\WINDOWS\System32\sechost.dll
0x00007ff8987e0000 - 0x00007ff898905000 	C:\WINDOWS\System32\RPCRT4.dll
0x00007ff8992f0000 - 0x00007ff8992f8000 	C:\WINDOWS\System32\PSAPI.DLL
0x00007ff88e660000 - 0x00007ff88e687000 	C:\WINDOWS\SYSTEM32\WINMM.dll
0x00007ff877e30000 - 0x00007ff877e39000 	C:\WINDOWS\SYSTEM32\WSOCK32.dll
0x00007ff88f720000 - 0x00007ff88f72a000 	C:\WINDOWS\SYSTEM32\VERSION.dll
0x00007ff899510000 - 0x00007ff89957b000 	C:\WINDOWS\System32\WS2_32.dll
0x00007ff8955c0000 - 0x00007ff8955d2000 	C:\WINDOWS\SYSTEM32\kernel.appcore.dll
0x00007ff892860000 - 0x00007ff89286a000 	C:\Program Files\Pylo\MCreator\jdk\bin\jimage.dll
0x00007ff890b40000 - 0x00007ff890d24000 	C:\WINDOWS\SYSTEM32\DBGHELP.DLL
0x00007ff884730000 - 0x00007ff884765000 	C:\WINDOWS\SYSTEM32\dbgcore.DLL
0x00007ff897d80000 - 0x00007ff897e02000 	C:\WINDOWS\System32\bcryptPrimitives.dll
0x00007ff87e710000 - 0x00007ff87e735000 	C:\Program Files\Pylo\MCreator\jdk\bin\java.dll
0x00007ff870030000 - 0x00007ff870106000 	C:\Program Files\Pylo\MCreator\jdk\bin\jsvml.dll
0x00007ff899580000 - 0x00007ff899cc4000 	C:\WINDOWS\System32\SHELL32.dll
0x00007ff8957c0000 - 0x00007ff895f52000 	C:\WINDOWS\SYSTEM32\windows.storage.dll
0x00007ff898030000 - 0x00007ff898385000 	C:\WINDOWS\System32\combase.dll
0x00007ff897060000 - 0x00007ff897090000 	C:\WINDOWS\SYSTEM32\Wldp.dll
0x00007ff898390000 - 0x00007ff89843d000 	C:\WINDOWS\System32\SHCORE.dll
0x00007ff899f50000 - 0x00007ff899fa5000 	C:\WINDOWS\System32\shlwapi.dll
0x00007ff897620000 - 0x00007ff89763f000 	C:\WINDOWS\SYSTEM32\profapi.dll
0x00007ff87d8a0000 - 0x00007ff87d8b9000 	C:\Program Files\Pylo\MCreator\jdk\bin\net.dll
0x00007ff8903a0000 - 0x00007ff8904ac000 	C:\WINDOWS\SYSTEM32\WINHTTP.dll
0x00007ff896dc0000 - 0x00007ff896e2a000 	C:\WINDOWS\system32\mswsock.dll
0x00007ff87d880000 - 0x00007ff87d895000 	C:\Program Files\Pylo\MCreator\jdk\bin\nio.dll
0x00007ff87d860000 - 0x00007ff87d878000 	C:\Program Files\Pylo\MCreator\jdk\bin\zip.dll
0x00007ff885d10000 - 0x00007ff885d20000 	C:\Program Files\Pylo\MCreator\jdk\bin\verify.dll
0x00007ff88e5f0000 - 0x00007ff88e5f9000 	C:\Program Files\Pylo\MCreator\jdk\bin\management.dll
0x00007ff889ff0000 - 0x00007ff889ffb000 	C:\Program Files\Pylo\MCreator\jdk\bin\management_ext.dll
0x00007ff86e680000 - 0x00007ff86e697000 	C:\WINDOWS\system32\napinsp.dll
0x00007ff864cc0000 - 0x00007ff864cdb000 	C:\WINDOWS\system32\pnrpnsp.dll
0x00007ff891e30000 - 0x00007ff891e45000 	C:\WINDOWS\system32\wshbth.dll
0x00007ff8930f0000 - 0x00007ff89310d000 	C:\WINDOWS\system32\NLAapi.dll
0x00007ff896ab0000 - 0x00007ff896aeb000 	C:\WINDOWS\SYSTEM32\IPHLPAPI.DLL
0x00007ff896af0000 - 0x00007ff896bba000 	C:\WINDOWS\SYSTEM32\DNSAPI.dll
0x00007ff898970000 - 0x00007ff898978000 	C:\WINDOWS\System32\NSI.dll
0x00007ff864ca0000 - 0x00007ff864cb2000 	C:\WINDOWS\System32\winrnr.dll
0x00007ff88a210000 - 0x00007ff88a21a000 	C:\Windows\System32\rasadhlp.dll
0x00007ff88a130000 - 0x00007ff88a1b0000 	C:\WINDOWS\System32\fwpuclnt.dll
0x00007ff897a70000 - 0x00007ff897a97000 	C:\WINDOWS\System32\bcrypt.dll
0x00007ff896fb0000 - 0x00007ff896fc8000 	C:\WINDOWS\SYSTEM32\CRYPTSP.dll
0x00007ff8966e0000 - 0x00007ff896714000 	C:\WINDOWS\system32\rsaenh.dll
0x00007ff8975a0000 - 0x00007ff8975ce000 	C:\WINDOWS\SYSTEM32\USERENV.dll
0x00007ff896fd0000 - 0x00007ff896fdc000 	C:\WINDOWS\SYSTEM32\CRYPTBASE.dll
0x00007ff890b00000 - 0x00007ff890b17000 	C:\WINDOWS\SYSTEM32\dhcpcsvc6.DLL
0x00007ff890ae0000 - 0x00007ff890afd000 	C:\WINDOWS\SYSTEM32\dhcpcsvc.DLL
0x00007ff86fd00000 - 0x00007ff86fd45000 	C:\Users\Henrik\AppData\Local\Temp\jna--2137002877\jna15802721150496843877.dll
0x00007ff8989e0000 - 0x00007ff898b0a000 	C:\WINDOWS\System32\Ole32.dll
0x00007ff898500000 - 0x00007ff8985af000 	C:\WINDOWS\System32\clbcatq.dll
0x00007ff898cd0000 - 0x00007ff898d9d000 	C:\WINDOWS\System32\OleAut32.dll
0x00007ff8810c0000 - 0x00007ff8810df000 	C:\WINDOWS\SYSTEM32\amsi.dll
0x00007ff881040000 - 0x00007ff8810bb000 	C:\ProgramData\Microsoft\Windows Defender\Platform\4.18.2211.5-0\MpOav.dll
0x00007ff872100000 - 0x00007ff872149000 	C:\WINDOWS\SYSTEM32\Pdh.dll
0x00007ff8861c0000 - 0x00007ff8861cf000 	C:\WINDOWS\System32\perfos.dll
0x00007ff86f650000 - 0x00007ff86f6c5000 	C:\Users\Henrik\AppData\Local\Temp\lwjglHenrik\3.3.1-build-7\lwjgl.dll
0x00007ff86a7c0000 - 0x00007ff86aa19000 	C:\Users\Henrik\AppData\Local\Temp\lwjglHenrik\3.3.1-build-7\jemalloc.dll
0x00007ff866cf0000 - 0x00007ff866d51000 	C:\Users\Henrik\AppData\Local\Temp\lwjglHenrik\3.3.1-build-7\glfw.dll
0x00007ff877f50000 - 0x00007ff877f95000 	C:\WINDOWS\SYSTEM32\dinput8.dll
0x00007ff894e80000 - 0x00007ff894e91000 	C:\WINDOWS\SYSTEM32\xinput1_4.dll
0x00007ff897eb0000 - 0x00007ff897efe000 	C:\WINDOWS\System32\cfgmgr32.dll
0x00007ff897420000 - 0x00007ff89744c000 	C:\WINDOWS\SYSTEM32\DEVOBJ.dll
0x00007ff88c2a0000 - 0x00007ff88c3f2000 	C:\WINDOWS\SYSTEM32\inputhost.dll
0x00007ff8933f0000 - 0x00007ff893544000 	C:\WINDOWS\SYSTEM32\wintypes.dll
0x00007ff893260000 - 0x00007ff893356000 	C:\WINDOWS\SYSTEM32\PROPSYS.dll
0x00007ff894c30000 - 0x00007ff894d22000 	C:\WINDOWS\SYSTEM32\CoreMessaging.dll
0x00007ff8948d0000 - 0x00007ff894c2e000 	C:\WINDOWS\SYSTEM32\CoreUIComponents.dll
0x00007ff896820000 - 0x00007ff896853000 	C:\WINDOWS\SYSTEM32\ntmarta.dll
0x00007ff8953e0000 - 0x00007ff89540f000 	C:\WINDOWS\SYSTEM32\dwmapi.dll
0x00007ff8950f0000 - 0x00007ff89518e000 	C:\WINDOWS\system32\uxtheme.dll
0x00007ff8986c0000 - 0x00007ff8987d5000 	C:\WINDOWS\System32\MSCTF.dll
0x00007ff84f690000 - 0x00007ff84f7b5000 	C:\WINDOWS\SYSTEM32\opengl32.dll
0x00007ff84ec00000 - 0x00007ff84ec2c000 	C:\WINDOWS\SYSTEM32\GLU32.dll
0x00007ff8689b0000 - 0x00007ff8689dd000 	C:\WINDOWS\System32\DriverStore\FileRepository\u0385558.inf_amd64_a02c8b890e9f278a\B385477\atig6pxx.dll
0x00007ff834490000 - 0x00007ff83811b000 	C:\WINDOWS\System32\DriverStore\FileRepository\u0385558.inf_amd64_a02c8b890e9f278a\B385477\atio6axx.dll
0x00007ff898e80000 - 0x00007ff8992e8000 	C:\WINDOWS\System32\SETUPAPI.dll
0x00007ff8976e0000 - 0x00007ff897749000 	C:\WINDOWS\System32\WINTRUST.dll
0x00007ff897860000 - 0x00007ff8979b6000 	C:\WINDOWS\System32\CRYPT32.dll
0x00007ff8971f0000 - 0x00007ff897202000 	C:\WINDOWS\SYSTEM32\MSASN1.dll

dbghelp: loaded successfully - version: 4.0.5 - missing functions: none
symbol engine: initialized successfully - sym options: 0x614 - pdb path: .;C:\Program Files\Pylo\MCreator\jdk\bin;C:\WINDOWS\SYSTEM32;C:\WINDOWS\WinSxS\amd64_microsoft.windows.common-controls_6595b64144ccf1df_6.0.19041.1110_none_60b5254171f9507e;C:\Program Files\Pylo\MCreator\jdk\bin\server;C:\Users\Henrik\AppData\Local\Temp\jna--2137002877;C:\ProgramData\Microsoft\Windows Defender\Platform\4.18.2211.5-0;C:\Users\Henrik\AppData\Local\Temp\lwjglHenrik\3.3.1-build-7;C:\WINDOWS\System32\DriverStore\FileRepository\u0385558.inf_amd64_a02c8b890e9f278a\B385477

VM Arguments:
jvm_args: -Dforge.enableGameTest=true -Dforge.logging.console.level=debug -Dforge.logging.markers=REGISTRIES -DignoreList=bootstraplauncher,securejarhandler,asm-commons,asm-util,asm-analysis,asm-tree,asm,JarJarFileSystems,client-extra,fmlcore,javafmllanguage,lowcodelanguage,mclanguage,forge- -Djava.net.preferIPv6Addresses=system -DlegacyClassPath.file=C:\Users\Henrik\MCreatorWorkspaces\wargle\build\classpath\runClient_minecraftClasspath.txt -DmergeModules=jna-5.10.0.jar,jna-platform-5.10.0.jar -Dos.version=10.0 --module-path=C:\Users\Henrik\.mcreator\gradle\caches\modules-2\files-2.1\cpw.mods\bootstraplauncher\1.1.2\c546e00443d8432cda6baa1c860346980742628\bootstraplauncher-1.1.2.jar;C:\Users\Henrik\.mcreator\gradle\caches\modules-2\files-2.1\cpw.mods\securejarhandler\2.1.4\f47e3b9dd860a7b82154b8f90a650ffd0aaa5582\securejarhandler-2.1.4.jar;C:\Users\Henrik\.mcreator\gradle\caches\modules-2\files-2.1\org.ow2.asm\asm-commons\9.3\1f2a432d1212f5c352ae607d7b61dcae20c20af5\asm-commons-9.3.jar;C:\Users\Henrik\.mcreator\gradle\caches\modules-2\files-2.1\org.ow2.asm\asm-util\9.3\9595bc05510d0bd4b610188b77333fe4851a1975\asm-util-9.3.jar;C:\Users\Henrik\.mcreator\gradle\caches\modules-2\files-2.1\org.ow2.asm\asm-analysis\9.3\4b071f211b37c38e0e9f5998550197c8593f6ad8\asm-analysis-9.3.jar;C:\Users\Henrik\.mcreator\gradle\caches\modules-2\files-2.1\org.ow2.asm\asm-tree\9.3\78d2ecd61318b5a58cd04fb237636c0e86b77d97\asm-tree-9.3.jar;C:\Users\Henrik\.mcreator\gradle\caches\modules-2\files-2.1\org.ow2.asm\asm\9.3\8e6300ef51c1d801a7ed62d07cd221aca3a90640\asm-9.3.jar;C:\Users\Henrik\.mcreator\gradle\caches\modules-2\files-2.1\net.minecraftforge\JarJarFileSystems\0.3.16\e52afbb2599dc7c6f779efea0496d32fc01152e3\JarJarFileSystems-0.3.16.jar --add-modules=ALL-MODULE-PATH --add-opens=java.base/java.util.jar=cpw.mods.securejarhandler --add-opens=java.base/java.lang.invoke=cpw.mods.securejarhandler --add-exports=java.base/sun.security.util=cpw.mods.securejarhandler --add-exports=jdk.naming.dns/com.sun.jndi.dns=java.naming -XX:HeapDumpPath=MojangTricksIntelDriversForPerformance_javaw.exe_minecraft.exe.heapdump -Dos.name=Windows 10 -Dfile.encoding=UTF-8 -Duser.country=US -Duser.language=en -Duser.variant 
java_command: cpw.mods.bootstraplauncher.BootstrapLauncher --launchTarget forgeclientuserdev --version MOD_DEV --assetIndex 1.19 --assetsDir C:\Users\Henrik\.mcreator\gradle\caches\forge_gradle\assets --gameDir . --fml.forgeVersion 43.1.7 --fml.mcVersion 1.19.2 --fml.forgeGroup net.minecraftforge --fml.mcpVersion 20220805.130853
java_class_path (initial): C:\Users\Henrik\MCreatorWorkspaces\wargle\build\classes\java\main;C:\Users\Henrik\MCreatorWorkspaces\wargle\build\resources\main;C:\Users\Henrik\.mcreator\gradle\caches\forge_gradle\minecraft_user_repo\net\minecraftforge\forge\1.19.2-43.1.7_mapped_official_1.19.2\forge-1.19.2-43.1.7_mapped_official_1.19.2-recomp.jar;C:\Users\Henrik\.mcreator\gradle\caches\forge_gradle\minecraft_repo\versions\1.19.2\client-extra.jar;C:\Users\Henrik\.mcreator\gradle\caches\modules-2\files-2.1\net.minecraftforge\javafmllanguage\1.19.2-43.1.7\3535e9c3e5218abcecea1496a5c3a5c3207096d8\javafmllanguage-1.19.2-43.1.7.jar;C:\Users\Henrik\.mcreator\gradle\caches\modules-2\files-2.1\net.minecraftforge\lowcodelanguage\1.19.2-43.1.7\a34960c25b16742b648accc1f198dde78abb666a\lowcodelanguage-1.19.2-43.1.7.jar;C:\Users\Henrik\.mcreator\gradle\caches\modules-2\files-2.1\net.minecraftforge\mclanguage\1.19.2-43.1.7\f1f25884b81fb6dc87bed375e43323e690af297c\mclanguage-1.19.2-43.1.7.jar;C:\Users\Henrik\.mcreator\gradle\caches\modules-2\files-2.1\net.minecraftforge\fmlcore\1.19.2-43.1.7\d19281d83514be3dbec3d6d1f1f82a486ce85a4e\fmlcore-1.19.2-43.1.7.jar;C:\Users\Henrik\.mcreator\gradle\caches\modules-2\files-2.1\net.minecraftforge\fmlloader\1.19.2-43.1.7\ea7515b196e4a88ba3c30c444f8c69f0294f4972\fmlloader-1.19.2-43.1.7.jar;C:\Users\Henrik\.mcreator\gradle\caches\modules-2\files-2.1\net.minecraftforge\JarJarSelector\0.3.16\2a31421fb5e267249da103a644f23afb43d158af\JarJarSelector-0.3.16.jar;C:\Users\Henrik\.mcreator\gradle\caches\modules-2\files-2.1\net.minecraftforge\JarJarMetadata\0.3.16\f62c8c898dffc8666f5097a8587ed72095e8e83a\JarJarMetadata-0.3.16.jar;C:\Users\Henrik\.mcreator\gradle\caches\modules-2\files-2.1\com.google.guava\guava\31.0.1-jre\119ea2b2bc205b138974d351777b20f02b92704b\guava-31.0.1-jre.jar;C:\Users\Henrik\.mcreator\gradle\caches\modules-2\files-2.1\com.google.code.findbugs\jsr305\3.0.2\25ea2e8b0c338a877313bd4672d3fe056ea78f0d\jsr305-3.0.2.jar;C:\Users\Henrik\.mcrea
Launcher Type: SUN_STANDARD

[Global flags]
     intx CICompilerCount                          = 4                                         {product} {ergonomic}
     uint ConcGCThreads                            = 3                                         {product} {ergonomic}
     uint G1ConcRefinementThreads                  = 10                                        {product} {ergonomic}
   size_t G1HeapRegionSize                         = 4194304                                   {product} {ergonomic}
    uintx GCDrainStackTargetSize                   = 64                                        {product} {ergonomic}
    ccstr HeapDumpPath                             = MojangTricksIntelDriversForPerformance_javaw.exe_minecraft.exe.heapdump         {manageable} {command line}
   size_t InitialHeapSize                          = 536870912                                 {product} {ergonomic}
   size_t MarkStackSize                            = 4194304                                   {product} {ergonomic}
   size_t MaxHeapSize                              = 8577351680                                {product} {ergonomic}
   size_t MaxNewSize                               = 5146411008                                {product} {ergonomic}
   size_t MinHeapDeltaBytes                        = 4194304                                   {product} {ergonomic}
   size_t MinHeapSize                              = 8388608                                   {product} {ergonomic}
    uintx NonNMethodCodeHeapSize                   = 5839372                                {pd product} {ergonomic}
    uintx NonProfiledCodeHeapSize                  = 122909434                              {pd product} {ergonomic}
    uintx ProfiledCodeHeapSize                     = 122909434                              {pd product} {ergonomic}
    uintx ReservedCodeCacheSize                    = 251658240                              {pd product} {ergonomic}
     bool SegmentedCodeCache                       = true                                      {product} {ergonomic}
   size_t SoftMaxHeapSize                          = 8577351680                             {manageable} {ergonomic}
     bool UseCompressedClassPointers               = true                           {product lp64_product} {ergonomic}
     bool UseCompressedOops                        = true                           {product lp64_product} {ergonomic}
     bool UseG1GC                                  = true                                      {product} {ergonomic}
     bool UseLargePagesIndividualAllocation        = false                                  {pd product} {ergonomic}

Logging:
Log output configuration:
 #0: stdout all=warning uptime,level,tags
 #1: stderr all=off uptime,level,tags

Environment Variables:
JAVA_HOME=C:\Program Files\Pylo\MCreator\jdk
PATH=C:\Program Files\Common Files\Oracle\Java\javapath;C:\Program Files (x86)\NVIDIA Corporation\PhysX\Common;C:\Program Files\Oculus\Support\oculus-runtime;C:\Program Files (x86)\Common Files\Oracle\Java\javapath;C:\WINDOWS\system32;C:\WINDOWS;C:\WINDOWS\System32\Wbem;C:\WINDOWS\System32\WindowsPowerShell\v1.0\;C:\WINDOWS\System32\OpenSSH\;C:\Program Files (x86)\Windows Live\Shared;C:\Program Files\dotnet\;C:\Program Files (x86)\dotnet\;C:\Program Files (x86)\QuickTime\QTSystem\;C:\WINDOWS\system32;C:\WINDOWS;C:\WINDOWS\System32\Wbem;C:\WINDOWS\System32\WindowsPowerShell\v1.0\;C:\WINDOWS\System32\OpenSSH\;C:\Users\Henrik\AppData\Local\Microsoft\WindowsApps;C:\Users\Henrik\.dotnet\tools;;C:\Program Files\Pylo\MCreator\jdk\bin
USERNAME=Henrik
OS=Windows_NT
PROCESSOR_IDENTIFIER=AMD64 Family 23 Model 113 Stepping 0, AuthenticAMD



---------------  S Y S T E M  ---------------

OS:
 Windows 10 , 64 bit Build 19041 (10.0.19041.2364)
OS uptime: 7 days 5:41 hours

CPU: total 12 (initial active 12) (12 cores per cpu, 2 threads per core) family 23 model 113 stepping 0 microcode 0x0, cx8, cmov, fxsr, ht, mmx, 3dnowpref, sse, sse2, sse3, ssse3, sse4a, sse4.1, sse4.2, popcnt, lzcnt, tsc, tscinvbit, avx, avx2, aes, clmul, bmi1, bmi2, adx, sha, fma, vzeroupper, clflush, clflushopt

Memory: 4k page, system-wide physical 32718M (15529M free)
TotalPageFile size 40654M (AvailPageFile size 11684M)
current process WorkingSet (physical memory assigned to process): 760M, peak: 761M
current process commit charge ("private bytes"): 1017M, peak: 1018M

vm_info: OpenJDK 64-Bit Server VM (17.0.3+7) for windows-amd64 JRE (17.0.3+7), built on Apr 19 2022 16:55:35 by "" with MS VC++ 16.7 (VS2019)

END.
